{"/home/ayush/Desktop/Ecommerce-Backned/src/controller/productController.js": {"path":"/home/ayush/Desktop/Ecommerce-Backned/src/controller/productController.js","statementMap":{"0":{"start":{"line":1,"column":21},"end":{"line":1,"column":53}},"1":{"start":{"line":2,"column":26},"end":{"line":2,"column":67}},"2":{"start":{"line":4,"column":22},"end":{"line":22,"column":1}},"3":{"start":{"line":5,"column":2},"end":{"line":21,"column":3}},"4":{"start":{"line":6,"column":58},"end":{"line":6,"column":66}},"5":{"start":{"line":8,"column":4},"end":{"line":10,"column":5}},"6":{"start":{"line":9,"column":6},"end":{"line":9,"column":81}},"7":{"start":{"line":11,"column":18},"end":{"line":11,"column":50}},"8":{"start":{"line":13,"column":4},"end":{"line":15,"column":5}},"9":{"start":{"line":14,"column":6},"end":{"line":14,"column":66}},"10":{"start":{"line":16,"column":18},"end":{"line":16,"column":53}},"11":{"start":{"line":17,"column":4},"end":{"line":18,"column":7}},"12":{"start":{"line":20,"column":4},"end":{"line":20,"column":75}},"13":{"start":{"line":25,"column":27},"end":{"line":32,"column":1}},"14":{"start":{"line":26,"column":2},"end":{"line":31,"column":3}},"15":{"start":{"line":27,"column":19},"end":{"line":27,"column":54}},"16":{"start":{"line":28,"column":4},"end":{"line":28,"column":60}},"17":{"start":{"line":30,"column":4},"end":{"line":30,"column":75}},"18":{"start":{"line":34,"column":27},"end":{"line":41,"column":1}},"19":{"start":{"line":35,"column":2},"end":{"line":40,"column":3}},"20":{"start":{"line":36,"column":19},"end":{"line":36,"column":53}},"21":{"start":{"line":37,"column":4},"end":{"line":37,"column":60}},"22":{"start":{"line":39,"column":4},"end":{"line":39,"column":75}},"23":{"start":{"line":43,"column":23},"end":{"line":51,"column":1}},"24":{"start":{"line":44,"column":11},"end":{"line":44,"column":24}},"25":{"start":{"line":45,"column":2},"end":{"line":50,"column":3}},"26":{"start":{"line":46,"column":19},"end":{"line":46,"column":46}},"27":{"start":{"line":47,"column":4},"end":{"line":47,"column":60}},"28":{"start":{"line":49,"column":4},"end":{"line":49,"column":75}},"29":{"start":{"line":54,"column":23},"end":{"line":62,"column":1}},"30":{"start":{"line":55,"column":2},"end":{"line":61,"column":3}},"31":{"start":{"line":56,"column":13},"end":{"line":56,"column":26}},"32":{"start":{"line":57,"column":18},"end":{"line":57,"column":49}},"33":{"start":{"line":58,"column":4},"end":{"line":58,"column":59}},"34":{"start":{"line":60,"column":4},"end":{"line":60,"column":75}},"35":{"start":{"line":65,"column":22},"end":{"line":80,"column":1}},"36":{"start":{"line":66,"column":2},"end":{"line":79,"column":3}},"37":{"start":{"line":67,"column":28},"end":{"line":67,"column":37}},"38":{"start":{"line":69,"column":21},"end":{"line":75,"column":6}},"39":{"start":{"line":76,"column":4},"end":{"line":76,"column":30}},"40":{"start":{"line":78,"column":4},"end":{"line":78,"column":75}},"41":{"start":{"line":82,"column":0},"end":{"line":89,"column":2}}},"fnMap":{"0":{"name":"(anonymous_0)","decl":{"start":{"line":4,"column":22},"end":{"line":4,"column":23}},"loc":{"start":{"line":4,"column":48},"end":{"line":22,"column":1}},"line":4},"1":{"name":"(anonymous_1)","decl":{"start":{"line":25,"column":27},"end":{"line":25,"column":28}},"loc":{"start":{"line":25,"column":47},"end":{"line":32,"column":1}},"line":25},"2":{"name":"(anonymous_2)","decl":{"start":{"line":34,"column":27},"end":{"line":34,"column":28}},"loc":{"start":{"line":34,"column":47},"end":{"line":41,"column":1}},"line":34},"3":{"name":"(anonymous_3)","decl":{"start":{"line":43,"column":23},"end":{"line":43,"column":24}},"loc":{"start":{"line":43,"column":43},"end":{"line":51,"column":1}},"line":43},"4":{"name":"(anonymous_4)","decl":{"start":{"line":54,"column":23},"end":{"line":54,"column":24}},"loc":{"start":{"line":54,"column":43},"end":{"line":62,"column":1}},"line":54},"5":{"name":"(anonymous_5)","decl":{"start":{"line":65,"column":22},"end":{"line":65,"column":23}},"loc":{"start":{"line":65,"column":42},"end":{"line":80,"column":1}},"line":65}},"branchMap":{"0":{"loc":{"start":{"line":8,"column":4},"end":{"line":10,"column":5}},"type":"if","locations":[{"start":{"line":8,"column":4},"end":{"line":10,"column":5}},{"start":{},"end":{}}],"line":8},"1":{"loc":{"start":{"line":8,"column":8},"end":{"line":8,"column":77}},"type":"binary-expr","locations":[{"start":{"line":8,"column":8},"end":{"line":8,"column":41}},{"start":{"line":8,"column":45},"end":{"line":8,"column":77}}],"line":8},"2":{"loc":{"start":{"line":13,"column":4},"end":{"line":15,"column":5}},"type":"if","locations":[{"start":{"line":13,"column":4},"end":{"line":15,"column":5}},{"start":{},"end":{}}],"line":13}},"s":{"0":2,"1":2,"2":2,"3":4,"4":4,"5":4,"6":2,"7":2,"8":2,"9":0,"10":2,"11":1,"12":1,"13":2,"14":0,"15":0,"16":0,"17":0,"18":2,"19":0,"20":0,"21":0,"22":0,"23":2,"24":0,"25":0,"26":0,"27":0,"28":0,"29":2,"30":0,"31":0,"32":0,"33":0,"34":0,"35":2,"36":0,"37":0,"38":0,"39":0,"40":0,"41":2},"f":{"0":4,"1":0,"2":0,"3":0,"4":0,"5":0},"b":{"0":[2,2],"1":[4,3],"2":[0,2]},"_coverageSchema":"1a1c01bbd47fc00a2c39e90264f33305004495a9","hash":"85e1c0fc6903da1a5a4c6e21ed0ddcb65ea149f3"}
,"/home/ayush/Desktop/Ecommerce-Backned/src/controller/userController.js": {"path":"/home/ayush/Desktop/Ecommerce-Backned/src/controller/userController.js","statementMap":{"0":{"start":{"line":1,"column":18},"end":{"line":1,"column":47}},"1":{"start":{"line":2,"column":15},"end":{"line":2,"column":32}},"2":{"start":{"line":3,"column":12},"end":{"line":3,"column":35}},"3":{"start":{"line":4,"column":23},"end":{"line":4,"column":64}},"4":{"start":{"line":5,"column":21},"end":{"line":5,"column":44}},"5":{"start":{"line":6,"column":34},"end":{"line":6,"column":67}},"6":{"start":{"line":10,"column":15},"end":{"line":56,"column":1}},"7":{"start":{"line":11,"column":2},"end":{"line":55,"column":3}},"8":{"start":{"line":12,"column":52},"end":{"line":12,"column":60}},"9":{"start":{"line":15,"column":4},"end":{"line":17,"column":5}},"10":{"start":{"line":16,"column":6},"end":{"line":16,"column":81}},"11":{"start":{"line":19,"column":18},"end":{"line":19,"column":47}},"12":{"start":{"line":21,"column":4},"end":{"line":23,"column":5}},"13":{"start":{"line":22,"column":6},"end":{"line":22,"column":66}},"14":{"start":{"line":26,"column":21},"end":{"line":26,"column":62}},"15":{"start":{"line":27,"column":4},"end":{"line":29,"column":5}},"16":{"start":{"line":28,"column":6},"end":{"line":28,"column":86}},"17":{"start":{"line":31,"column":15},"end":{"line":31,"column":46}},"18":{"start":{"line":33,"column":17},"end":{"line":39,"column":5}},"19":{"start":{"line":41,"column":20},"end":{"line":43,"column":6}},"20":{"start":{"line":46,"column":16},"end":{"line":46,"column":41}},"21":{"start":{"line":48,"column":4},"end":{"line":52,"column":7}},"22":{"start":{"line":54,"column":4},"end":{"line":54,"column":66}},"23":{"start":{"line":62,"column":18},"end":{"line":64,"column":1}},"24":{"start":{"line":63,"column":2},"end":{"line":63,"column":22}},"25":{"start":{"line":65,"column":18},"end":{"line":130,"column":1}},"26":{"start":{"line":67,"column":2},"end":{"line":129,"column":3}},"27":{"start":{"line":68,"column":18},"end":{"line":68,"column":32}},"28":{"start":{"line":69,"column":21},"end":{"line":69,"column":38}},"29":{"start":{"line":71,"column":4},"end":{"line":73,"column":5}},"30":{"start":{"line":72,"column":6},"end":{"line":72,"column":81}},"31":{"start":{"line":75,"column":4},"end":{"line":77,"column":5}},"32":{"start":{"line":76,"column":6},"end":{"line":76,"column":71}},"33":{"start":{"line":78,"column":4},"end":{"line":80,"column":5}},"34":{"start":{"line":79,"column":6},"end":{"line":79,"column":74}},"35":{"start":{"line":81,"column":15},"end":{"line":81,"column":56}},"36":{"start":{"line":82,"column":4},"end":{"line":86,"column":5}},"37":{"start":{"line":83,"column":6},"end":{"line":85,"column":79}},"38":{"start":{"line":87,"column":23},"end":{"line":87,"column":68}},"39":{"start":{"line":88,"column":4},"end":{"line":92,"column":5}},"40":{"start":{"line":89,"column":6},"end":{"line":91,"column":64}},"41":{"start":{"line":93,"column":16},"end":{"line":95,"column":6}},"42":{"start":{"line":96,"column":23},"end":{"line":100,"column":5}},"43":{"start":{"line":101,"column":21},"end":{"line":105,"column":5}},"44":{"start":{"line":106,"column":20},"end":{"line":106,"column":37}},"45":{"start":{"line":107,"column":4},"end":{"line":113,"column":5}},"46":{"start":{"line":108,"column":6},"end":{"line":112,"column":9}},"47":{"start":{"line":109,"column":8},"end":{"line":111,"column":9}},"48":{"start":{"line":110,"column":10},"end":{"line":110,"column":19}},"49":{"start":{"line":114,"column":4},"end":{"line":119,"column":7}},"50":{"start":{"line":120,"column":21},"end":{"line":122,"column":5}},"51":{"start":{"line":123,"column":4},"end":{"line":123,"column":26}},"52":{"start":{"line":124,"column":4},"end":{"line":126,"column":102}},"53":{"start":{"line":128,"column":4},"end":{"line":128,"column":73}},"54":{"start":{"line":133,"column":21},"end":{"line":156,"column":1}},"55":{"start":{"line":134,"column":2},"end":{"line":155,"column":3}},"56":{"start":{"line":135,"column":21},"end":{"line":135,"column":29}},"57":{"start":{"line":136,"column":4},"end":{"line":152,"column":5}},"58":{"start":{"line":137,"column":25},"end":{"line":140,"column":7}},"59":{"start":{"line":141,"column":20},"end":{"line":145,"column":7}},"60":{"start":{"line":146,"column":23},"end":{"line":148,"column":7}},"61":{"start":{"line":149,"column":6},"end":{"line":149,"column":37}},"62":{"start":{"line":151,"column":6},"end":{"line":151,"column":56}},"63":{"start":{"line":154,"column":4},"end":{"line":154,"column":58}},"64":{"start":{"line":159,"column":23},"end":{"line":197,"column":1}},"65":{"start":{"line":160,"column":2},"end":{"line":196,"column":3}},"66":{"start":{"line":161,"column":18},"end":{"line":161,"column":32}},"67":{"start":{"line":162,"column":21},"end":{"line":162,"column":55}},"68":{"start":{"line":163,"column":4},"end":{"line":167,"column":5}},"69":{"start":{"line":164,"column":6},"end":{"line":166,"column":63}},"70":{"start":{"line":168,"column":4},"end":{"line":193,"column":5}},"71":{"start":{"line":169,"column":27},"end":{"line":169,"column":50}},"72":{"start":{"line":171,"column":7},"end":{"line":180,"column":8}},"73":{"start":{"line":181,"column":6},"end":{"line":181,"column":58}},"74":{"start":{"line":183,"column":6},"end":{"line":188,"column":11}},"75":{"start":{"line":190,"column":6},"end":{"line":192,"column":71}},"76":{"start":{"line":195,"column":4},"end":{"line":195,"column":67}},"77":{"start":{"line":200,"column":23},"end":{"line":234,"column":1}},"78":{"start":{"line":201,"column":2},"end":{"line":233,"column":3}},"79":{"start":{"line":202,"column":18},"end":{"line":202,"column":39}},"80":{"start":{"line":203,"column":22},"end":{"line":203,"column":63}},"81":{"start":{"line":204,"column":4},"end":{"line":208,"column":5}},"82":{"start":{"line":205,"column":6},"end":{"line":207,"column":69}},"83":{"start":{"line":209,"column":4},"end":{"line":213,"column":5}},"84":{"start":{"line":210,"column":6},"end":{"line":212,"column":92}},"85":{"start":{"line":214,"column":4},"end":{"line":230,"column":5}},"86":{"start":{"line":215,"column":23},"end":{"line":215,"column":43}},"87":{"start":{"line":216,"column":26},"end":{"line":216,"column":57}},"88":{"start":{"line":217,"column":23},"end":{"line":221,"column":7}},"89":{"start":{"line":222,"column":6},"end":{"line":227,"column":11}},"90":{"start":{"line":229,"column":6},"end":{"line":229,"column":74}},"91":{"start":{"line":232,"column":4},"end":{"line":232,"column":74}},"92":{"start":{"line":237,"column":15},"end":{"line":258,"column":1}},"93":{"start":{"line":238,"column":15},"end":{"line":238,"column":30}},"94":{"start":{"line":239,"column":2},"end":{"line":257,"column":3}},"95":{"start":{"line":240,"column":16},"end":{"line":240,"column":40}},"96":{"start":{"line":241,"column":19},"end":{"line":241,"column":34}},"97":{"start":{"line":243,"column":15},"end":{"line":243,"column":47}},"98":{"start":{"line":244,"column":22},"end":{"line":244,"column":66}},"99":{"start":{"line":244,"column":48},"end":{"line":244,"column":65}},"100":{"start":{"line":246,"column":4},"end":{"line":250,"column":6}},"101":{"start":{"line":252,"column":4},"end":{"line":254,"column":66}},"102":{"start":{"line":256,"column":4},"end":{"line":256,"column":74}},"103":{"start":{"line":260,"column":0},"end":{"line":268,"column":2}}},"fnMap":{"0":{"name":"(anonymous_0)","decl":{"start":{"line":10,"column":15},"end":{"line":10,"column":16}},"loc":{"start":{"line":10,"column":35},"end":{"line":56,"column":1}},"line":10},"1":{"name":"(anonymous_1)","decl":{"start":{"line":62,"column":18},"end":{"line":62,"column":19}},"loc":{"start":{"line":62,"column":25},"end":{"line":64,"column":1}},"line":62},"2":{"name":"(anonymous_2)","decl":{"start":{"line":65,"column":18},"end":{"line":65,"column":19}},"loc":{"start":{"line":65,"column":44},"end":{"line":130,"column":1}},"line":65},"3":{"name":"(anonymous_3)","decl":{"start":{"line":108,"column":35},"end":{"line":108,"column":36}},"loc":{"start":{"line":108,"column":42},"end":{"line":112,"column":7}},"line":108},"4":{"name":"(anonymous_4)","decl":{"start":{"line":133,"column":21},"end":{"line":133,"column":22}},"loc":{"start":{"line":133,"column":35},"end":{"line":156,"column":1}},"line":133},"5":{"name":"(anonymous_5)","decl":{"start":{"line":159,"column":23},"end":{"line":159,"column":24}},"loc":{"start":{"line":159,"column":43},"end":{"line":197,"column":1}},"line":159},"6":{"name":"(anonymous_6)","decl":{"start":{"line":200,"column":23},"end":{"line":200,"column":24}},"loc":{"start":{"line":200,"column":43},"end":{"line":234,"column":1}},"line":200},"7":{"name":"(anonymous_7)","decl":{"start":{"line":237,"column":15},"end":{"line":237,"column":16}},"loc":{"start":{"line":237,"column":35},"end":{"line":258,"column":1}},"line":237},"8":{"name":"(anonymous_8)","decl":{"start":{"line":244,"column":41},"end":{"line":244,"column":42}},"loc":{"start":{"line":244,"column":48},"end":{"line":244,"column":65}},"line":244}},"branchMap":{"0":{"loc":{"start":{"line":15,"column":4},"end":{"line":17,"column":5}},"type":"if","locations":[{"start":{"line":15,"column":4},"end":{"line":17,"column":5}},{"start":{},"end":{}}],"line":15},"1":{"loc":{"start":{"line":15,"column":9},"end":{"line":15,"column":96}},"type":"binary-expr","locations":[{"start":{"line":15,"column":9},"end":{"line":15,"column":15}},{"start":{"line":15,"column":19},"end":{"line":15,"column":28}},{"start":{"line":15,"column":32},"end":{"line":15,"column":37}},{"start":{"line":15,"column":41},"end":{"line":15,"column":48}},{"start":{"line":15,"column":52},"end":{"line":15,"column":57}},{"start":{"line":15,"column":62},"end":{"line":15,"column":96}}],"line":15},"2":{"loc":{"start":{"line":21,"column":4},"end":{"line":23,"column":5}},"type":"if","locations":[{"start":{"line":21,"column":4},"end":{"line":23,"column":5}},{"start":{},"end":{}}],"line":21},"3":{"loc":{"start":{"line":27,"column":4},"end":{"line":29,"column":5}},"type":"if","locations":[{"start":{"line":27,"column":4},"end":{"line":29,"column":5}},{"start":{},"end":{}}],"line":27},"4":{"loc":{"start":{"line":71,"column":4},"end":{"line":73,"column":5}},"type":"if","locations":[{"start":{"line":71,"column":4},"end":{"line":73,"column":5}},{"start":{},"end":{}}],"line":71},"5":{"loc":{"start":{"line":71,"column":8},"end":{"line":71,"column":77}},"type":"binary-expr","locations":[{"start":{"line":71,"column":8},"end":{"line":71,"column":41}},{"start":{"line":71,"column":45},"end":{"line":71,"column":77}}],"line":71},"6":{"loc":{"start":{"line":75,"column":4},"end":{"line":77,"column":5}},"type":"if","locations":[{"start":{"line":75,"column":4},"end":{"line":77,"column":5}},{"start":{},"end":{}}],"line":75},"7":{"loc":{"start":{"line":78,"column":4},"end":{"line":80,"column":5}},"type":"if","locations":[{"start":{"line":78,"column":4},"end":{"line":80,"column":5}},{"start":{},"end":{}}],"line":78},"8":{"loc":{"start":{"line":82,"column":4},"end":{"line":86,"column":5}},"type":"if","locations":[{"start":{"line":82,"column":4},"end":{"line":86,"column":5}},{"start":{},"end":{}}],"line":82},"9":{"loc":{"start":{"line":88,"column":4},"end":{"line":92,"column":5}},"type":"if","locations":[{"start":{"line":88,"column":4},"end":{"line":92,"column":5}},{"start":{},"end":{}}],"line":88},"10":{"loc":{"start":{"line":106,"column":20},"end":{"line":106,"column":37}},"type":"binary-expr","locations":[{"start":{"line":106,"column":20},"end":{"line":106,"column":31}},{"start":{"line":106,"column":35},"end":{"line":106,"column":37}}],"line":106},"11":{"loc":{"start":{"line":107,"column":4},"end":{"line":113,"column":5}},"type":"if","locations":[{"start":{"line":107,"column":4},"end":{"line":113,"column":5}},{"start":{},"end":{}}],"line":107},"12":{"loc":{"start":{"line":109,"column":8},"end":{"line":111,"column":9}},"type":"if","locations":[{"start":{"line":109,"column":8},"end":{"line":111,"column":9}},{"start":{},"end":{}}],"line":109},"13":{"loc":{"start":{"line":136,"column":4},"end":{"line":152,"column":5}},"type":"if","locations":[{"start":{"line":136,"column":4},"end":{"line":152,"column":5}},{"start":{"line":150,"column":11},"end":{"line":152,"column":5}}],"line":136},"14":{"loc":{"start":{"line":163,"column":4},"end":{"line":167,"column":5}},"type":"if","locations":[{"start":{"line":163,"column":4},"end":{"line":167,"column":5}},{"start":{},"end":{}}],"line":163},"15":{"loc":{"start":{"line":168,"column":4},"end":{"line":193,"column":5}},"type":"if","locations":[{"start":{"line":168,"column":4},"end":{"line":193,"column":5}},{"start":{"line":189,"column":11},"end":{"line":193,"column":5}}],"line":168},"16":{"loc":{"start":{"line":204,"column":4},"end":{"line":208,"column":5}},"type":"if","locations":[{"start":{"line":204,"column":4},"end":{"line":208,"column":5}},{"start":{},"end":{}}],"line":204},"17":{"loc":{"start":{"line":209,"column":4},"end":{"line":213,"column":5}},"type":"if","locations":[{"start":{"line":209,"column":4},"end":{"line":213,"column":5}},{"start":{},"end":{}}],"line":209},"18":{"loc":{"start":{"line":214,"column":4},"end":{"line":230,"column":5}},"type":"if","locations":[{"start":{"line":214,"column":4},"end":{"line":230,"column":5}},{"start":{"line":228,"column":11},"end":{"line":230,"column":5}}],"line":214}},"s":{"0":1,"1":1,"2":1,"3":1,"4":1,"5":1,"6":1,"7":3,"8":3,"9":3,"10":1,"11":2,"12":2,"13":0,"14":2,"15":2,"16":1,"17":1,"18":1,"19":1,"20":1,"21":1,"22":1,"23":1,"24":0,"25":1,"26":0,"27":0,"28":0,"29":0,"30":0,"31":0,"32":0,"33":0,"34":0,"35":0,"36":0,"37":0,"38":0,"39":0,"40":0,"41":0,"42":0,"43":0,"44":0,"45":0,"46":0,"47":0,"48":0,"49":0,"50":0,"51":0,"52":0,"53":0,"54":1,"55":0,"56":0,"57":0,"58":0,"59":0,"60":0,"61":0,"62":0,"63":0,"64":1,"65":0,"66":0,"67":0,"68":0,"69":0,"70":0,"71":0,"72":0,"73":0,"74":0,"75":0,"76":0,"77":1,"78":0,"79":0,"80":0,"81":0,"82":0,"83":0,"84":0,"85":0,"86":0,"87":0,"88":0,"89":0,"90":0,"91":0,"92":1,"93":0,"94":0,"95":0,"96":0,"97":0,"98":0,"99":0,"100":0,"101":0,"102":0,"103":1},"f":{"0":3,"1":0,"2":0,"3":0,"4":0,"5":0,"6":0,"7":0,"8":0},"b":{"0":[1,2],"1":[3,3,3,3,3,2],"2":[0,2],"3":[1,1],"4":[0,0],"5":[0,0],"6":[0,0],"7":[0,0],"8":[0,0],"9":[0,0],"10":[0,0],"11":[0,0],"12":[0,0],"13":[0,0],"14":[0,0],"15":[0,0],"16":[0,0],"17":[0,0],"18":[0,0]},"_coverageSchema":"1a1c01bbd47fc00a2c39e90264f33305004495a9","hash":"545863b248e0abee8d487596156927629f25e16d"}
,"/home/ayush/Desktop/Ecommerce-Backned/src/controller/wishlistController.js": {"path":"/home/ayush/Desktop/Ecommerce-Backned/src/controller/wishlistController.js","statementMap":{"0":{"start":{"line":1,"column":18},"end":{"line":1,"column":47}},"1":{"start":{"line":2,"column":21},"end":{"line":2,"column":53}},"2":{"start":{"line":3,"column":22},"end":{"line":3,"column":55}},"3":{"start":{"line":5,"column":13},"end":{"line":5,"column":49}},"4":{"start":{"line":6,"column":17},"end":{"line":6,"column":57}},"5":{"start":{"line":7,"column":16},"end":{"line":7,"column":55}},"6":{"start":{"line":9,"column":22},"end":{"line":41,"column":1}},"7":{"start":{"line":10,"column":4},"end":{"line":39,"column":5}},"8":{"start":{"line":11,"column":21},"end":{"line":11,"column":36}},"9":{"start":{"line":12,"column":24},"end":{"line":12,"column":42}},"10":{"start":{"line":13,"column":22},"end":{"line":13,"column":60}},"11":{"start":{"line":14,"column":8},"end":{"line":16,"column":9}},"12":{"start":{"line":15,"column":12},"end":{"line":15,"column":91}},"13":{"start":{"line":17,"column":19},"end":{"line":17,"column":51}},"14":{"start":{"line":18,"column":8},"end":{"line":20,"column":9}},"15":{"start":{"line":19,"column":12},"end":{"line":19,"column":97}},"16":{"start":{"line":22,"column":27},"end":{"line":22,"column":66}},"17":{"start":{"line":23,"column":8},"end":{"line":36,"column":9}},"18":{"start":{"line":24,"column":27},"end":{"line":24,"column":88}},"19":{"start":{"line":25,"column":12},"end":{"line":25,"column":97}},"20":{"start":{"line":27,"column":27},"end":{"line":27,"column":48}},"21":{"start":{"line":28,"column":34},"end":{"line":28,"column":75}},"22":{"start":{"line":28,"column":60},"end":{"line":28,"column":74}},"23":{"start":{"line":29,"column":12},"end":{"line":31,"column":13}},"24":{"start":{"line":30,"column":16},"end":{"line":30,"column":116}},"25":{"start":{"line":32,"column":12},"end":{"line":32,"column":37}},"26":{"start":{"line":33,"column":27},"end":{"line":34,"column":51}},"27":{"start":{"line":35,"column":12},"end":{"line":35,"column":99}},"28":{"start":{"line":38,"column":8},"end":{"line":38,"column":78}},"29":{"start":{"line":44,"column":20},"end":{"line":54,"column":1}},"30":{"start":{"line":45,"column":2},"end":{"line":53,"column":3}},"31":{"start":{"line":46,"column":17},"end":{"line":46,"column":32}},"32":{"start":{"line":49,"column":23},"end":{"line":49,"column":83}},"33":{"start":{"line":50,"column":4},"end":{"line":50,"column":93}},"34":{"start":{"line":52,"column":4},"end":{"line":52,"column":73}},"35":{"start":{"line":56,"column":27},"end":{"line":76,"column":1}},"36":{"start":{"line":57,"column":2},"end":{"line":75,"column":3}},"37":{"start":{"line":58,"column":17},"end":{"line":58,"column":32}},"38":{"start":{"line":59,"column":20},"end":{"line":59,"column":38}},"39":{"start":{"line":60,"column":23},"end":{"line":60,"column":70}},"40":{"start":{"line":61,"column":23},"end":{"line":63,"column":5}},"41":{"start":{"line":62,"column":13},"end":{"line":62,"column":50}},"42":{"start":{"line":65,"column":19},"end":{"line":71,"column":27}},"43":{"start":{"line":72,"column":4},"end":{"line":72,"column":60}},"44":{"start":{"line":74,"column":4},"end":{"line":74,"column":75}},"45":{"start":{"line":79,"column":30},"end":{"line":138,"column":1}},"46":{"start":{"line":80,"column":2},"end":{"line":137,"column":3}},"47":{"start":{"line":81,"column":17},"end":{"line":81,"column":32}},"48":{"start":{"line":84,"column":25},"end":{"line":84,"column":33}},"49":{"start":{"line":85,"column":4},"end":{"line":87,"column":5}},"50":{"start":{"line":86,"column":6},"end":{"line":86,"column":94}},"51":{"start":{"line":89,"column":19},"end":{"line":89,"column":54}},"52":{"start":{"line":90,"column":4},"end":{"line":92,"column":5}},"53":{"start":{"line":91,"column":6},"end":{"line":91,"column":84}},"54":{"start":{"line":94,"column":19},"end":{"line":94,"column":57}},"55":{"start":{"line":95,"column":15},"end":{"line":95,"column":17}},"56":{"start":{"line":96,"column":4},"end":{"line":107,"column":5}},"57":{"start":{"line":97,"column":6},"end":{"line":97,"column":27}},"58":{"start":{"line":98,"column":6},"end":{"line":98,"column":22}},"59":{"start":{"line":99,"column":6},"end":{"line":99,"column":26}},"60":{"start":{"line":100,"column":6},"end":{"line":100,"column":26}},"61":{"start":{"line":102,"column":6},"end":{"line":106,"column":8}},"62":{"start":{"line":109,"column":4},"end":{"line":122,"column":5}},"63":{"start":{"line":110,"column":20},"end":{"line":110,"column":53}},"64":{"start":{"line":111,"column":6},"end":{"line":121,"column":7}},"65":{"start":{"line":112,"column":27},"end":{"line":112,"column":79}},"66":{"start":{"line":112,"column":51},"end":{"line":112,"column":78}},"67":{"start":{"line":114,"column":8},"end":{"line":118,"column":9}},"68":{"start":{"line":115,"column":10},"end":{"line":115,"column":37}},"69":{"start":{"line":117,"column":10},"end":{"line":117,"column":54}},"70":{"start":{"line":119,"column":8},"end":{"line":119,"column":29}},"71":{"start":{"line":120,"column":8},"end":{"line":120,"column":41}},"72":{"start":{"line":125,"column":17},"end":{"line":129,"column":33}},"73":{"start":{"line":132,"column":4},"end":{"line":132,"column":49}},"74":{"start":{"line":134,"column":4},"end":{"line":134,"column":110}},"75":{"start":{"line":136,"column":4},"end":{"line":136,"column":71}},"76":{"start":{"line":140,"column":0},"end":{"line":140,"column":90}}},"fnMap":{"0":{"name":"(anonymous_0)","decl":{"start":{"line":9,"column":22},"end":{"line":9,"column":23}},"loc":{"start":{"line":9,"column":48},"end":{"line":41,"column":1}},"line":9},"1":{"name":"(anonymous_1)","decl":{"start":{"line":28,"column":53},"end":{"line":28,"column":54}},"loc":{"start":{"line":28,"column":60},"end":{"line":28,"column":74}},"line":28},"2":{"name":"(anonymous_2)","decl":{"start":{"line":44,"column":20},"end":{"line":44,"column":21}},"loc":{"start":{"line":44,"column":46},"end":{"line":54,"column":1}},"line":44},"3":{"name":"(anonymous_3)","decl":{"start":{"line":56,"column":27},"end":{"line":56,"column":28}},"loc":{"start":{"line":56,"column":47},"end":{"line":76,"column":1}},"line":56},"4":{"name":"(anonymous_4)","decl":{"start":{"line":62,"column":6},"end":{"line":62,"column":7}},"loc":{"start":{"line":62,"column":13},"end":{"line":62,"column":50}},"line":62},"5":{"name":"(anonymous_5)","decl":{"start":{"line":79,"column":30},"end":{"line":79,"column":31}},"loc":{"start":{"line":79,"column":56},"end":{"line":138,"column":1}},"line":79},"6":{"name":"(anonymous_6)","decl":{"start":{"line":112,"column":43},"end":{"line":112,"column":44}},"loc":{"start":{"line":112,"column":51},"end":{"line":112,"column":78}},"line":112}},"branchMap":{"0":{"loc":{"start":{"line":14,"column":8},"end":{"line":16,"column":9}},"type":"if","locations":[{"start":{"line":14,"column":8},"end":{"line":16,"column":9}},{"start":{},"end":{}}],"line":14},"1":{"loc":{"start":{"line":18,"column":8},"end":{"line":20,"column":9}},"type":"if","locations":[{"start":{"line":18,"column":8},"end":{"line":20,"column":9}},{"start":{},"end":{}}],"line":18},"2":{"loc":{"start":{"line":23,"column":8},"end":{"line":36,"column":9}},"type":"if","locations":[{"start":{"line":23,"column":8},"end":{"line":36,"column":9}},{"start":{"line":26,"column":15},"end":{"line":36,"column":9}}],"line":23},"3":{"loc":{"start":{"line":29,"column":12},"end":{"line":31,"column":13}},"type":"if","locations":[{"start":{"line":29,"column":12},"end":{"line":31,"column":13}},{"start":{},"end":{}}],"line":29},"4":{"loc":{"start":{"line":85,"column":4},"end":{"line":87,"column":5}},"type":"if","locations":[{"start":{"line":85,"column":4},"end":{"line":87,"column":5}},{"start":{},"end":{}}],"line":85},"5":{"loc":{"start":{"line":90,"column":4},"end":{"line":92,"column":5}},"type":"if","locations":[{"start":{"line":90,"column":4},"end":{"line":92,"column":5}},{"start":{},"end":{}}],"line":90},"6":{"loc":{"start":{"line":96,"column":4},"end":{"line":107,"column":5}},"type":"if","locations":[{"start":{"line":96,"column":4},"end":{"line":107,"column":5}},{"start":{"line":101,"column":11},"end":{"line":107,"column":5}}],"line":96},"7":{"loc":{"start":{"line":111,"column":6},"end":{"line":121,"column":7}},"type":"if","locations":[{"start":{"line":111,"column":6},"end":{"line":121,"column":7}},{"start":{},"end":{}}],"line":111},"8":{"loc":{"start":{"line":114,"column":8},"end":{"line":118,"column":9}},"type":"if","locations":[{"start":{"line":114,"column":8},"end":{"line":118,"column":9}},{"start":{"line":116,"column":15},"end":{"line":118,"column":9}}],"line":114}},"s":{"0":1,"1":1,"2":1,"3":1,"4":1,"5":1,"6":1,"7":2,"8":2,"9":2,"10":2,"11":2,"12":0,"13":2,"14":2,"15":0,"16":2,"17":2,"18":1,"19":1,"20":1,"21":1,"22":1,"23":1,"24":1,"25":0,"26":0,"27":0,"28":0,"29":1,"30":0,"31":0,"32":0,"33":0,"34":0,"35":1,"36":0,"37":0,"38":0,"39":0,"40":0,"41":0,"42":0,"43":0,"44":0,"45":1,"46":0,"47":0,"48":0,"49":0,"50":0,"51":0,"52":0,"53":0,"54":0,"55":0,"56":0,"57":0,"58":0,"59":0,"60":0,"61":0,"62":0,"63":0,"64":0,"65":0,"66":0,"67":0,"68":0,"69":0,"70":0,"71":0,"72":0,"73":0,"74":0,"75":0,"76":1},"f":{"0":2,"1":1,"2":0,"3":0,"4":0,"5":0,"6":0},"b":{"0":[0,2],"1":[0,2],"2":[1,1],"3":[1,0],"4":[0,0],"5":[0,0],"6":[0,0],"7":[0,0],"8":[0,0]},"_coverageSchema":"1a1c01bbd47fc00a2c39e90264f33305004495a9","hash":"69bd05997bf8c8f37155114d8427ee511dce7e42"}
,"/home/ayush/Desktop/Ecommerce-Backned/src/middleware/auth.js": {"path":"/home/ayush/Desktop/Ecommerce-Backned/src/middleware/auth.js","statementMap":{"0":{"start":{"line":1,"column":12},"end":{"line":1,"column":35}},"1":{"start":{"line":3,"column":23},"end":{"line":17,"column":1}},"2":{"start":{"line":4,"column":4},"end":{"line":16,"column":5}},"3":{"start":{"line":5,"column":21},"end":{"line":5,"column":45}},"4":{"start":{"line":6,"column":8},"end":{"line":8,"column":9}},"5":{"start":{"line":7,"column":12},"end":{"line":7,"column":112}},"6":{"start":{"line":9,"column":27},"end":{"line":9,"column":67}},"7":{"start":{"line":10,"column":8},"end":{"line":10,"column":26}},"8":{"start":{"line":11,"column":8},"end":{"line":11,"column":32}},"9":{"start":{"line":12,"column":8},"end":{"line":12,"column":14}},"10":{"start":{"line":15,"column":8},"end":{"line":15,"column":58}},"11":{"start":{"line":19,"column":0},"end":{"line":19,"column":33}}},"fnMap":{"0":{"name":"(anonymous_0)","decl":{"start":{"line":3,"column":23},"end":{"line":3,"column":24}},"loc":{"start":{"line":3,"column":44},"end":{"line":17,"column":1}},"line":3}},"branchMap":{"0":{"loc":{"start":{"line":6,"column":8},"end":{"line":8,"column":9}},"type":"if","locations":[{"start":{"line":6,"column":8},"end":{"line":8,"column":9}},{"start":{},"end":{}}],"line":6}},"s":{"0":1,"1":1,"2":3,"3":3,"4":3,"5":1,"6":2,"7":1,"8":1,"9":1,"10":1,"11":1},"f":{"0":3},"b":{"0":[1,2]},"_coverageSchema":"1a1c01bbd47fc00a2c39e90264f33305004495a9","hash":"5f518552055ab942a5e319cea4e4b0bc261520d4"}
,"/home/ayush/Desktop/Ecommerce-Backned/src/model/cartModel.js": {"path":"/home/ayush/Desktop/Ecommerce-Backned/src/model/cartModel.js","statementMap":{"0":{"start":{"line":1,"column":17},"end":{"line":1,"column":36}},"1":{"start":{"line":2,"column":17},"end":{"line":2,"column":40}},"2":{"start":{"line":3,"column":19},"end":{"line":19,"column":1}},"3":{"start":{"line":21,"column":0},"end":{"line":21,"column":52}}},"fnMap":{},"branchMap":{},"s":{"0":1,"1":1,"2":1,"3":1},"f":{},"b":{},"_coverageSchema":"1a1c01bbd47fc00a2c39e90264f33305004495a9","hash":"9ba4b2e564fad3ee14b3d62d7f006eb5d4dee80b"}
,"/home/ayush/Desktop/Ecommerce-Backned/src/model/productModel.js": {"path":"/home/ayush/Desktop/Ecommerce-Backned/src/model/productModel.js","statementMap":{"0":{"start":{"line":1,"column":17},"end":{"line":1,"column":36}},"1":{"start":{"line":3,"column":22},"end":{"line":34,"column":2}},"2":{"start":{"line":36,"column":0},"end":{"line":36,"column":58}}},"fnMap":{},"branchMap":{},"s":{"0":3,"1":3,"2":3},"f":{},"b":{},"_coverageSchema":"1a1c01bbd47fc00a2c39e90264f33305004495a9","hash":"462b3ab15f5f3b7fb30139e6d554e279e45901a0"}
,"/home/ayush/Desktop/Ecommerce-Backned/src/model/userModel.js": {"path":"/home/ayush/Desktop/Ecommerce-Backned/src/model/userModel.js","statementMap":{"0":{"start":{"line":1,"column":17},"end":{"line":1,"column":36}},"1":{"start":{"line":3,"column":19},"end":{"line":36,"column":2}},"2":{"start":{"line":38,"column":0},"end":{"line":38,"column":52}}},"fnMap":{},"branchMap":{},"s":{"0":2,"1":2,"2":2},"f":{},"b":{},"_coverageSchema":"1a1c01bbd47fc00a2c39e90264f33305004495a9","hash":"da46ed26c6743c3b94934f1edd9e0f903b015272"}
,"/home/ayush/Desktop/Ecommerce-Backned/src/model/wishlistModel.js": {"path":"/home/ayush/Desktop/Ecommerce-Backned/src/model/wishlistModel.js","statementMap":{"0":{"start":{"line":1,"column":17},"end":{"line":1,"column":36}},"1":{"start":{"line":2,"column":17},"end":{"line":2,"column":47}},"2":{"start":{"line":4,"column":23},"end":{"line":21,"column":1}},"3":{"start":{"line":23,"column":0},"end":{"line":23,"column":60}}},"fnMap":{},"branchMap":{},"s":{"0":1,"1":1,"2":1,"3":1},"f":{},"b":{},"_coverageSchema":"1a1c01bbd47fc00a2c39e90264f33305004495a9","hash":"c973cd8b8239d44bfecd0eb7e582b65e17956d8d"}
,"/home/ayush/Desktop/Ecommerce-Backned/src/validators/schemaValidation.js": {"path":"/home/ayush/Desktop/Ecommerce-Backned/src/validators/schemaValidation.js","statementMap":{"0":{"start":{"line":1,"column":12},"end":{"line":1,"column":26}},"1":{"start":{"line":3,"column":19},"end":{"line":9,"column":2}},"2":{"start":{"line":11,"column":22},"end":{"line":20,"column":4}},"3":{"start":{"line":21,"column":22},"end":{"line":30,"column":4}},"4":{"start":{"line":33,"column":0},"end":{"line":33,"column":55}}},"fnMap":{},"branchMap":{},"s":{"0":3,"1":3,"2":3,"3":3,"4":3},"f":{},"b":{},"_coverageSchema":"1a1c01bbd47fc00a2c39e90264f33305004495a9","hash":"52bc2bbca08d17548938275fb382d903178d0be0"}
,"/home/ayush/Desktop/Ecommerce-Backned/src/validators/sendMail.js": {"path":"/home/ayush/Desktop/Ecommerce-Backned/src/validators/sendMail.js","statementMap":{"0":{"start":{"line":2,"column":19},"end":{"line":2,"column":40}},"1":{"start":{"line":5,"column":30},"end":{"line":40,"column":5}},"2":{"start":{"line":6,"column":4},"end":{"line":39,"column":5}},"3":{"start":{"line":7,"column":26},"end":{"line":16,"column":8}},"4":{"start":{"line":17,"column":26},"end":{"line":26,"column":7}},"5":{"start":{"line":27,"column":6},"end":{"line":35,"column":8}},"6":{"start":{"line":28,"column":8},"end":{"line":34,"column":9}},"7":{"start":{"line":29,"column":10},"end":{"line":29,"column":28}},"8":{"start":{"line":32,"column":10},"end":{"line":32,"column":35}},"9":{"start":{"line":33,"column":10},"end":{"line":33,"column":61}},"10":{"start":{"line":38,"column":5},"end":{"line":38,"column":17}},"11":{"start":{"line":43,"column":0},"end":{"line":43,"column":42}}},"fnMap":{"0":{"name":"(anonymous_0)","decl":{"start":{"line":5,"column":30},"end":{"line":5,"column":31}},"loc":{"start":{"line":5,"column":50},"end":{"line":40,"column":5}},"line":5},"1":{"name":"(anonymous_1)","decl":{"start":{"line":27,"column":39},"end":{"line":27,"column":40}},"loc":{"start":{"line":27,"column":59},"end":{"line":35,"column":7}},"line":27}},"branchMap":{"0":{"loc":{"start":{"line":28,"column":8},"end":{"line":34,"column":9}},"type":"if","locations":[{"start":{"line":28,"column":8},"end":{"line":34,"column":9}},{"start":{"line":31,"column":13},"end":{"line":34,"column":9}}],"line":28}},"s":{"0":1,"1":1,"2":0,"3":0,"4":0,"5":0,"6":0,"7":0,"8":0,"9":0,"10":0,"11":1},"f":{"0":0,"1":0},"b":{"0":[0,0]},"_coverageSchema":"1a1c01bbd47fc00a2c39e90264f33305004495a9","hash":"ee2a57419d9b94afec87b289f7601022c93e0603"}
}
