{"/home/ri-dev/Desktop/Ecommerce-Backned/src/controller/cartController.js": {"path":"/home/ri-dev/Desktop/Ecommerce-Backned/src/controller/cartController.js","statementMap":{"0":{"start":{"line":1,"column":21},"end":{"line":1,"column":53}},"1":{"start":{"line":2,"column":18},"end":{"line":2,"column":47}},"2":{"start":{"line":3,"column":35},"end":{"line":3,"column":69}},"3":{"start":{"line":4,"column":22},"end":{"line":4,"column":52}},"4":{"start":{"line":6,"column":19},"end":{"line":57,"column":1}},"5":{"start":{"line":7,"column":2},"end":{"line":56,"column":3}},"6":{"start":{"line":8,"column":17},"end":{"line":8,"column":32}},"7":{"start":{"line":9,"column":15},"end":{"line":9,"column":23}},"8":{"start":{"line":10,"column":4},"end":{"line":11,"column":96}},"9":{"start":{"line":11,"column":6},"end":{"line":11,"column":94}},"10":{"start":{"line":12,"column":24},"end":{"line":12,"column":28}},"11":{"start":{"line":13,"column":4},"end":{"line":15,"column":5}},"12":{"start":{"line":14,"column":6},"end":{"line":14,"column":98}},"13":{"start":{"line":16,"column":18},"end":{"line":16,"column":56}},"14":{"start":{"line":17,"column":4},"end":{"line":19,"column":5}},"15":{"start":{"line":18,"column":6},"end":{"line":18,"column":109}},"16":{"start":{"line":21,"column":19},"end":{"line":21,"column":62}},"17":{"start":{"line":22,"column":15},"end":{"line":22,"column":17}},"18":{"start":{"line":23,"column":4},"end":{"line":30,"column":5}},"19":{"start":{"line":24,"column":6},"end":{"line":24,"column":27}},"20":{"start":{"line":25,"column":6},"end":{"line":25,"column":48}},"21":{"start":{"line":26,"column":6},"end":{"line":26,"column":26}},"22":{"start":{"line":27,"column":6},"end":{"line":27,"column":38}},"23":{"start":{"line":28,"column":22},"end":{"line":28,"column":50}},"24":{"start":{"line":29,"column":6},"end":{"line":29,"column":105}},"25":{"start":{"line":32,"column":19},"end":{"line":32,"column":20}},"26":{"start":{"line":33,"column":14},"end":{"line":33,"column":28}},"27":{"start":{"line":34,"column":18},"end":{"line":34,"column":23}},"28":{"start":{"line":35,"column":4},"end":{"line":40,"column":5}},"29":{"start":{"line":35,"column":17},"end":{"line":35,"column":18}},"30":{"start":{"line":36,"column":6},"end":{"line":39,"column":7}},"31":{"start":{"line":37,"column":8},"end":{"line":37,"column":23}},"32":{"start":{"line":38,"column":8},"end":{"line":38,"column":36}},"33":{"start":{"line":41,"column":4},"end":{"line":43,"column":60}},"34":{"start":{"line":43,"column":4},"end":{"line":43,"column":59}},"35":{"start":{"line":44,"column":4},"end":{"line":44,"column":21}},"36":{"start":{"line":45,"column":16},"end":{"line":45,"column":29}},"37":{"start":{"line":46,"column":4},"end":{"line":46,"column":61}},"38":{"start":{"line":47,"column":4},"end":{"line":47,"column":45}},"39":{"start":{"line":48,"column":17},"end":{"line":50,"column":34}},"40":{"start":{"line":51,"column":4},"end":{"line":53,"column":80}},"41":{"start":{"line":55,"column":4},"end":{"line":55,"column":71}},"42":{"start":{"line":59,"column":23},"end":{"line":74,"column":1}},"43":{"start":{"line":60,"column":2},"end":{"line":73,"column":3}},"44":{"start":{"line":61,"column":17},"end":{"line":61,"column":32}},"45":{"start":{"line":64,"column":19},"end":{"line":66,"column":34}},"46":{"start":{"line":68,"column":4},"end":{"line":70,"column":66}},"47":{"start":{"line":72,"column":4},"end":{"line":72,"column":73}},"48":{"start":{"line":76,"column":34},"end":{"line":136,"column":1}},"49":{"start":{"line":77,"column":2},"end":{"line":135,"column":3}},"50":{"start":{"line":78,"column":17},"end":{"line":78,"column":28}},"51":{"start":{"line":80,"column":16},"end":{"line":80,"column":35}},"52":{"start":{"line":82,"column":19},"end":{"line":84,"column":34}},"53":{"start":{"line":85,"column":4},"end":{"line":132,"column":5}},"54":{"start":{"line":86,"column":24},"end":{"line":91,"column":7}},"55":{"start":{"line":92,"column":20},"end":{"line":92,"column":55}},"56":{"start":{"line":93,"column":6},"end":{"line":95,"column":79}},"57":{"start":{"line":97,"column":23},"end":{"line":97,"column":24}},"58":{"start":{"line":98,"column":23},"end":{"line":98,"column":24}},"59":{"start":{"line":100,"column":6},"end":{"line":107,"column":9}},"60":{"start":{"line":101,"column":17},"end":{"line":101,"column":43}},"61":{"start":{"line":102,"column":8},"end":{"line":106,"column":11}},"62":{"start":{"line":103,"column":10},"end":{"line":105,"column":11}},"63":{"start":{"line":104,"column":12},"end":{"line":104,"column":37}},"64":{"start":{"line":109,"column":6},"end":{"line":119,"column":9}},"65":{"start":{"line":110,"column":29},"end":{"line":114,"column":9}},"66":{"start":{"line":112,"column":12},"end":{"line":113,"column":47}},"67":{"start":{"line":116,"column":8},"end":{"line":118,"column":9}},"68":{"start":{"line":117,"column":10},"end":{"line":117,"column":42}},"69":{"start":{"line":121,"column":6},"end":{"line":124,"column":9}},"70":{"start":{"line":122,"column":8},"end":{"line":122,"column":33}},"71":{"start":{"line":123,"column":8},"end":{"line":123,"column":53}},"72":{"start":{"line":126,"column":6},"end":{"line":126,"column":38}},"73":{"start":{"line":127,"column":6},"end":{"line":127,"column":39}},"74":{"start":{"line":128,"column":6},"end":{"line":128,"column":39}},"75":{"start":{"line":129,"column":6},"end":{"line":129,"column":22}},"76":{"start":{"line":131,"column":6},"end":{"line":131,"column":54}},"77":{"start":{"line":134,"column":4},"end":{"line":134,"column":73}},"78":{"start":{"line":138,"column":19},"end":{"line":220,"column":1}},"79":{"start":{"line":139,"column":2},"end":{"line":219,"column":3}},"80":{"start":{"line":140,"column":17},"end":{"line":140,"column":32}},"81":{"start":{"line":141,"column":4},"end":{"line":143,"column":5}},"82":{"start":{"line":142,"column":6},"end":{"line":142,"column":80}},"83":{"start":{"line":144,"column":34},"end":{"line":144,"column":42}},"84":{"start":{"line":145,"column":4},"end":{"line":149,"column":5}},"85":{"start":{"line":146,"column":6},"end":{"line":148,"column":70}},"86":{"start":{"line":150,"column":18},"end":{"line":150,"column":60}},"87":{"start":{"line":151,"column":4},"end":{"line":155,"column":5}},"88":{"start":{"line":152,"column":6},"end":{"line":154,"column":77}},"89":{"start":{"line":156,"column":4},"end":{"line":161,"column":5}},"90":{"start":{"line":157,"column":6},"end":{"line":160,"column":9}},"91":{"start":{"line":162,"column":19},"end":{"line":162,"column":54}},"92":{"start":{"line":163,"column":15},"end":{"line":165,"column":5}},"93":{"start":{"line":164,"column":16},"end":{"line":164,"column":69}},"94":{"start":{"line":166,"column":4},"end":{"line":171,"column":5}},"95":{"start":{"line":167,"column":6},"end":{"line":170,"column":9}},"96":{"start":{"line":172,"column":22},"end":{"line":172,"column":24}},"97":{"start":{"line":173,"column":21},"end":{"line":173,"column":41}},"98":{"start":{"line":174,"column":4},"end":{"line":216,"column":5}},"99":{"start":{"line":175,"column":23},"end":{"line":175,"column":62}},"100":{"start":{"line":176,"column":23},"end":{"line":176,"column":78}},"101":{"start":{"line":177,"column":17},"end":{"line":186,"column":36}},"102":{"start":{"line":187,"column":6},"end":{"line":189,"column":70}},"103":{"start":{"line":190,"column":11},"end":{"line":216,"column":5}},"104":{"start":{"line":191,"column":6},"end":{"line":191,"column":41}},"105":{"start":{"line":192,"column":6},"end":{"line":192,"column":55}},"106":{"start":{"line":193,"column":6},"end":{"line":195,"column":71}},"107":{"start":{"line":196,"column":6},"end":{"line":196,"column":35}},"108":{"start":{"line":197,"column":17},"end":{"line":199,"column":36}},"109":{"start":{"line":200,"column":6},"end":{"line":202,"column":69}},"110":{"start":{"line":204,"column":6},"end":{"line":204,"column":41}},"111":{"start":{"line":205,"column":6},"end":{"line":205,"column":55}},"112":{"start":{"line":206,"column":6},"end":{"line":208,"column":71}},"113":{"start":{"line":209,"column":6},"end":{"line":209,"column":35}},"114":{"start":{"line":210,"column":17},"end":{"line":212,"column":36}},"115":{"start":{"line":213,"column":6},"end":{"line":215,"column":69}},"116":{"start":{"line":218,"column":4},"end":{"line":218,"column":73}},"117":{"start":{"line":222,"column":0},"end":{"line":227,"column":2}}},"fnMap":{"0":{"name":"(anonymous_0)","decl":{"start":{"line":6,"column":19},"end":{"line":6,"column":20}},"loc":{"start":{"line":6,"column":45},"end":{"line":57,"column":1}},"line":6},"1":{"name":"(anonymous_1)","decl":{"start":{"line":59,"column":23},"end":{"line":59,"column":24}},"loc":{"start":{"line":59,"column":49},"end":{"line":74,"column":1}},"line":59},"2":{"name":"(anonymous_2)","decl":{"start":{"line":76,"column":34},"end":{"line":76,"column":35}},"loc":{"start":{"line":76,"column":54},"end":{"line":136,"column":1}},"line":76},"3":{"name":"(anonymous_3)","decl":{"start":{"line":100,"column":29},"end":{"line":100,"column":30}},"loc":{"start":{"line":100,"column":36},"end":{"line":107,"column":7}},"line":100},"4":{"name":"(anonymous_4)","decl":{"start":{"line":102,"column":18},"end":{"line":102,"column":19}},"loc":{"start":{"line":102,"column":25},"end":{"line":106,"column":9}},"line":102},"5":{"name":"(anonymous_5)","decl":{"start":{"line":109,"column":20},"end":{"line":109,"column":21}},"loc":{"start":{"line":109,"column":36},"end":{"line":119,"column":7}},"line":109},"6":{"name":"(anonymous_6)","decl":{"start":{"line":111,"column":10},"end":{"line":111,"column":11}},"loc":{"start":{"line":112,"column":12},"end":{"line":113,"column":47}},"line":112},"7":{"name":"(anonymous_7)","decl":{"start":{"line":121,"column":29},"end":{"line":121,"column":30}},"loc":{"start":{"line":121,"column":36},"end":{"line":124,"column":7}},"line":121},"8":{"name":"(anonymous_8)","decl":{"start":{"line":138,"column":19},"end":{"line":138,"column":20}},"loc":{"start":{"line":138,"column":39},"end":{"line":220,"column":1}},"line":138},"9":{"name":"(anonymous_9)","decl":{"start":{"line":164,"column":6},"end":{"line":164,"column":7}},"loc":{"start":{"line":164,"column":16},"end":{"line":164,"column":69}},"line":164}},"branchMap":{"0":{"loc":{"start":{"line":10,"column":4},"end":{"line":11,"column":96}},"type":"if","locations":[{"start":{"line":10,"column":4},"end":{"line":11,"column":96}},{"start":{},"end":{}}],"line":10},"1":{"loc":{"start":{"line":13,"column":4},"end":{"line":15,"column":5}},"type":"if","locations":[{"start":{"line":13,"column":4},"end":{"line":15,"column":5}},{"start":{},"end":{}}],"line":13},"2":{"loc":{"start":{"line":17,"column":4},"end":{"line":19,"column":5}},"type":"if","locations":[{"start":{"line":17,"column":4},"end":{"line":19,"column":5}},{"start":{},"end":{}}],"line":17},"3":{"loc":{"start":{"line":23,"column":4},"end":{"line":30,"column":5}},"type":"if","locations":[{"start":{"line":23,"column":4},"end":{"line":30,"column":5}},{"start":{},"end":{}}],"line":23},"4":{"loc":{"start":{"line":36,"column":6},"end":{"line":39,"column":7}},"type":"if","locations":[{"start":{"line":36,"column":6},"end":{"line":39,"column":7}},{"start":{},"end":{}}],"line":36},"5":{"loc":{"start":{"line":41,"column":4},"end":{"line":43,"column":60}},"type":"if","locations":[{"start":{"line":41,"column":4},"end":{"line":43,"column":60}},{"start":{},"end":{}}],"line":41},"6":{"loc":{"start":{"line":85,"column":4},"end":{"line":132,"column":5}},"type":"if","locations":[{"start":{"line":85,"column":4},"end":{"line":132,"column":5}},{"start":{"line":96,"column":11},"end":{"line":132,"column":5}}],"line":85},"7":{"loc":{"start":{"line":103,"column":10},"end":{"line":105,"column":11}},"type":"if","locations":[{"start":{"line":103,"column":10},"end":{"line":105,"column":11}},{"start":{},"end":{}}],"line":103},"8":{"loc":{"start":{"line":116,"column":8},"end":{"line":118,"column":9}},"type":"if","locations":[{"start":{"line":116,"column":8},"end":{"line":118,"column":9}},{"start":{},"end":{}}],"line":116},"9":{"loc":{"start":{"line":141,"column":4},"end":{"line":143,"column":5}},"type":"if","locations":[{"start":{"line":141,"column":4},"end":{"line":143,"column":5}},{"start":{},"end":{}}],"line":141},"10":{"loc":{"start":{"line":145,"column":4},"end":{"line":149,"column":5}},"type":"if","locations":[{"start":{"line":145,"column":4},"end":{"line":149,"column":5}},{"start":{},"end":{}}],"line":145},"11":{"loc":{"start":{"line":151,"column":4},"end":{"line":155,"column":5}},"type":"if","locations":[{"start":{"line":151,"column":4},"end":{"line":155,"column":5}},{"start":{},"end":{}}],"line":151},"12":{"loc":{"start":{"line":156,"column":4},"end":{"line":161,"column":5}},"type":"if","locations":[{"start":{"line":156,"column":4},"end":{"line":161,"column":5}},{"start":{},"end":{}}],"line":156},"13":{"loc":{"start":{"line":166,"column":4},"end":{"line":171,"column":5}},"type":"if","locations":[{"start":{"line":166,"column":4},"end":{"line":171,"column":5}},{"start":{},"end":{}}],"line":166},"14":{"loc":{"start":{"line":174,"column":4},"end":{"line":216,"column":5}},"type":"if","locations":[{"start":{"line":174,"column":4},"end":{"line":216,"column":5}},{"start":{"line":190,"column":11},"end":{"line":216,"column":5}}],"line":174},"15":{"loc":{"start":{"line":190,"column":11},"end":{"line":216,"column":5}},"type":"if","locations":[{"start":{"line":190,"column":11},"end":{"line":216,"column":5}},{"start":{"line":203,"column":11},"end":{"line":216,"column":5}}],"line":190}},"s":{"0":3,"1":3,"2":3,"3":3,"4":3,"5":3,"6":3,"7":3,"8":3,"9":1,"10":2,"11":2,"12":1,"13":1,"14":1,"15":1,"16":0,"17":0,"18":0,"19":0,"20":0,"21":0,"22":0,"23":0,"24":0,"25":0,"26":0,"27":0,"28":0,"29":0,"30":0,"31":0,"32":0,"33":0,"34":0,"35":0,"36":0,"37":0,"38":0,"39":0,"40":0,"41":0,"42":3,"43":4,"44":4,"45":4,"46":0,"47":4,"48":3,"49":0,"50":0,"51":0,"52":0,"53":0,"54":0,"55":0,"56":0,"57":0,"58":0,"59":0,"60":0,"61":0,"62":0,"63":0,"64":0,"65":0,"66":0,"67":0,"68":0,"69":0,"70":0,"71":0,"72":0,"73":0,"74":0,"75":0,"76":0,"77":0,"78":3,"79":3,"80":3,"81":3,"82":3,"83":0,"84":0,"85":0,"86":0,"87":0,"88":0,"89":0,"90":0,"91":0,"92":0,"93":0,"94":0,"95":0,"96":0,"97":0,"98":0,"99":0,"100":0,"101":0,"102":0,"103":0,"104":0,"105":0,"106":0,"107":0,"108":0,"109":0,"110":0,"111":0,"112":0,"113":0,"114":0,"115":0,"116":0,"117":3},"f":{"0":3,"1":4,"2":0,"3":0,"4":0,"5":0,"6":0,"7":0,"8":3,"9":0},"b":{"0":[1,2],"1":[1,1],"2":[1,0],"3":[0,0],"4":[0,0],"5":[0,0],"6":[0,0],"7":[0,0],"8":[0,0],"9":[3,0],"10":[0,0],"11":[0,0],"12":[0,0],"13":[0,0],"14":[0,0],"15":[0,0]},"_coverageSchema":"1a1c01bbd47fc00a2c39e90264f33305004495a9","hash":"e4a88a0097349dc0f3436ea48feccbec92fa4ce3"}
,"/home/ri-dev/Desktop/Ecommerce-Backned/src/controller/orderController.js": {"path":"/home/ri-dev/Desktop/Ecommerce-Backned/src/controller/orderController.js","statementMap":{"0":{"start":{"line":1,"column":30},"end":{"line":1,"column":49}},"1":{"start":{"line":2,"column":18},"end":{"line":2,"column":47}},"2":{"start":{"line":3,"column":19},"end":{"line":3,"column":49}},"3":{"start":{"line":4,"column":21},"end":{"line":4,"column":53}},"4":{"start":{"line":5,"column":15},"end":{"line":5,"column":32}},"5":{"start":{"line":7,"column":18},"end":{"line":7,"column":47}},"6":{"start":{"line":8,"column":17},"end":{"line":8,"column":40}},"7":{"start":{"line":9,"column":22},"end":{"line":11,"column":1}},"8":{"start":{"line":10,"column":2},"end":{"line":10,"column":51}},"9":{"start":{"line":13,"column":20},"end":{"line":134,"column":1}},"10":{"start":{"line":14,"column":2},"end":{"line":133,"column":3}},"11":{"start":{"line":15,"column":52},"end":{"line":15,"column":66}},"12":{"start":{"line":16,"column":77},"end":{"line":16,"column":90}},"13":{"start":{"line":19,"column":4},"end":{"line":130,"column":5}},"14":{"start":{"line":20,"column":18},"end":{"line":20,"column":52}},"15":{"start":{"line":21,"column":7},"end":{"line":25,"column":8}},"16":{"start":{"line":22,"column":9},"end":{"line":24,"column":82}},"17":{"start":{"line":26,"column":27},"end":{"line":45,"column":7}},"18":{"start":{"line":47,"column":17},"end":{"line":47,"column":48}},"19":{"start":{"line":49,"column":20},"end":{"line":49,"column":85}},"20":{"start":{"line":50,"column":6},"end":{"line":50,"column":39}},"21":{"start":{"line":53,"column":18},"end":{"line":53,"column":55}},"22":{"start":{"line":54,"column":6},"end":{"line":60,"column":9}},"23":{"start":{"line":55,"column":8},"end":{"line":59,"column":10}},"24":{"start":{"line":62,"column":6},"end":{"line":64,"column":65}},"25":{"start":{"line":66,"column":23},"end":{"line":68,"column":45}},"26":{"start":{"line":70,"column":6},"end":{"line":74,"column":7}},"27":{"start":{"line":71,"column":8},"end":{"line":73,"column":67}},"28":{"start":{"line":75,"column":6},"end":{"line":80,"column":7}},"29":{"start":{"line":76,"column":8},"end":{"line":79,"column":11}},"30":{"start":{"line":82,"column":21},"end":{"line":82,"column":72}},"31":{"start":{"line":82,"column":41},"end":{"line":82,"column":71}},"32":{"start":{"line":83,"column":6},"end":{"line":90,"column":7}},"33":{"start":{"line":84,"column":8},"end":{"line":89,"column":11}},"34":{"start":{"line":92,"column":18},"end":{"line":108,"column":7}},"35":{"start":{"line":110,"column":23},"end":{"line":110,"column":53}},"36":{"start":{"line":111,"column":6},"end":{"line":117,"column":9}},"37":{"start":{"line":112,"column":8},"end":{"line":116,"column":10}},"38":{"start":{"line":119,"column":6},"end":{"line":123,"column":8}},"39":{"start":{"line":125,"column":6},"end":{"line":129,"column":9}},"40":{"start":{"line":132,"column":4},"end":{"line":132,"column":58}},"41":{"start":{"line":137,"column":17},"end":{"line":156,"column":1}},"42":{"start":{"line":138,"column":2},"end":{"line":155,"column":3}},"43":{"start":{"line":139,"column":17},"end":{"line":139,"column":32}},"44":{"start":{"line":141,"column":20},"end":{"line":143,"column":34}},"45":{"start":{"line":145,"column":4},"end":{"line":148,"column":77}},"46":{"start":{"line":146,"column":6},"end":{"line":148,"column":77}},"47":{"start":{"line":150,"column":4},"end":{"line":152,"column":67}},"48":{"start":{"line":154,"column":4},"end":{"line":154,"column":71}},"49":{"start":{"line":158,"column":21},"end":{"line":177,"column":1}},"50":{"start":{"line":159,"column":2},"end":{"line":176,"column":3}},"51":{"start":{"line":161,"column":18},"end":{"line":161,"column":36}},"52":{"start":{"line":162,"column":16},"end":{"line":167,"column":34}},"53":{"start":{"line":168,"column":4},"end":{"line":172,"column":5}},"54":{"start":{"line":169,"column":6},"end":{"line":171,"column":78}},"55":{"start":{"line":173,"column":4},"end":{"line":173,"column":83}},"56":{"start":{"line":175,"column":4},"end":{"line":175,"column":58}},"57":{"start":{"line":180,"column":29},"end":{"line":289,"column":1}},"58":{"start":{"line":181,"column":2},"end":{"line":288,"column":3}},"59":{"start":{"line":182,"column":24},"end":{"line":182,"column":32}},"60":{"start":{"line":183,"column":18},"end":{"line":183,"column":36}},"61":{"start":{"line":184,"column":17},"end":{"line":184,"column":32}},"62":{"start":{"line":185,"column":4},"end":{"line":189,"column":5}},"63":{"start":{"line":186,"column":6},"end":{"line":188,"column":68}},"64":{"start":{"line":190,"column":4},"end":{"line":192,"column":5}},"65":{"start":{"line":191,"column":6},"end":{"line":191,"column":80}},"66":{"start":{"line":193,"column":4},"end":{"line":197,"column":5}},"67":{"start":{"line":194,"column":6},"end":{"line":196,"column":70}},"68":{"start":{"line":198,"column":4},"end":{"line":200,"column":5}},"69":{"start":{"line":199,"column":6},"end":{"line":199,"column":82}},"70":{"start":{"line":201,"column":20},"end":{"line":201,"column":54}},"71":{"start":{"line":202,"column":4},"end":{"line":206,"column":5}},"72":{"start":{"line":203,"column":6},"end":{"line":205,"column":74}},"73":{"start":{"line":208,"column":4},"end":{"line":213,"column":5}},"74":{"start":{"line":209,"column":6},"end":{"line":212,"column":9}},"75":{"start":{"line":214,"column":4},"end":{"line":218,"column":5}},"76":{"start":{"line":215,"column":6},"end":{"line":217,"column":69}},"77":{"start":{"line":219,"column":18},"end":{"line":220,"column":26}},"78":{"start":{"line":222,"column":4},"end":{"line":226,"column":5}},"79":{"start":{"line":223,"column":6},"end":{"line":225,"column":63}},"80":{"start":{"line":227,"column":4},"end":{"line":231,"column":5}},"81":{"start":{"line":228,"column":6},"end":{"line":230,"column":73}},"82":{"start":{"line":233,"column":19},"end":{"line":233,"column":20}},"83":{"start":{"line":234,"column":4},"end":{"line":238,"column":7}},"84":{"start":{"line":235,"column":6},"end":{"line":237,"column":7}},"85":{"start":{"line":236,"column":8},"end":{"line":236,"column":30}},"86":{"start":{"line":240,"column":4},"end":{"line":244,"column":7}},"87":{"start":{"line":241,"column":6},"end":{"line":243,"column":7}},"88":{"start":{"line":242,"column":8},"end":{"line":242,"column":26}},"89":{"start":{"line":247,"column":4},"end":{"line":247,"column":30}},"90":{"start":{"line":248,"column":4},"end":{"line":248,"column":25}},"91":{"start":{"line":249,"column":22},"end":{"line":249,"column":24}},"92":{"start":{"line":250,"column":4},"end":{"line":253,"column":56}},"93":{"start":{"line":255,"column":4},"end":{"line":285,"column":5}},"94":{"start":{"line":256,"column":16},"end":{"line":269,"column":34}},"95":{"start":{"line":270,"column":6},"end":{"line":272,"column":65}},"96":{"start":{"line":275,"column":18},"end":{"line":281,"column":36}},"97":{"start":{"line":282,"column":6},"end":{"line":284,"column":65}},"98":{"start":{"line":287,"column":4},"end":{"line":287,"column":58}},"99":{"start":{"line":293,"column":20},"end":{"line":339,"column":1}},"100":{"start":{"line":294,"column":2},"end":{"line":338,"column":3}},"101":{"start":{"line":295,"column":18},"end":{"line":295,"column":36}},"102":{"start":{"line":296,"column":17},"end":{"line":296,"column":32}},"103":{"start":{"line":297,"column":4},"end":{"line":301,"column":5}},"104":{"start":{"line":298,"column":6},"end":{"line":300,"column":68}},"105":{"start":{"line":302,"column":4},"end":{"line":304,"column":5}},"106":{"start":{"line":303,"column":6},"end":{"line":303,"column":80}},"107":{"start":{"line":305,"column":20},"end":{"line":307,"column":34}},"108":{"start":{"line":309,"column":4},"end":{"line":314,"column":5}},"109":{"start":{"line":310,"column":6},"end":{"line":313,"column":9}},"110":{"start":{"line":315,"column":4},"end":{"line":319,"column":5}},"111":{"start":{"line":316,"column":6},"end":{"line":318,"column":68}},"112":{"start":{"line":320,"column":4},"end":{"line":326,"column":7}},"113":{"start":{"line":321,"column":6},"end":{"line":325,"column":8}},"114":{"start":{"line":327,"column":18},"end":{"line":332,"column":33}},"115":{"start":{"line":333,"column":4},"end":{"line":335,"column":62}},"116":{"start":{"line":337,"column":4},"end":{"line":337,"column":58}},"117":{"start":{"line":342,"column":23},"end":{"line":365,"column":1}},"118":{"start":{"line":343,"column":2},"end":{"line":364,"column":3}},"119":{"start":{"line":344,"column":18},"end":{"line":344,"column":36}},"120":{"start":{"line":345,"column":4},"end":{"line":349,"column":5}},"121":{"start":{"line":346,"column":6},"end":{"line":348,"column":74}},"122":{"start":{"line":350,"column":16},"end":{"line":352,"column":34}},"123":{"start":{"line":354,"column":4},"end":{"line":358,"column":5}},"124":{"start":{"line":355,"column":6},"end":{"line":357,"column":78}},"125":{"start":{"line":359,"column":4},"end":{"line":361,"column":62}},"126":{"start":{"line":363,"column":4},"end":{"line":363,"column":58}},"127":{"start":{"line":367,"column":0},"end":{"line":374,"column":2}}},"fnMap":{"0":{"name":"(anonymous_0)","decl":{"start":{"line":9,"column":22},"end":{"line":9,"column":23}},"loc":{"start":{"line":9,"column":42},"end":{"line":11,"column":1}},"line":9},"1":{"name":"(anonymous_1)","decl":{"start":{"line":13,"column":20},"end":{"line":13,"column":21}},"loc":{"start":{"line":13,"column":40},"end":{"line":134,"column":1}},"line":13},"2":{"name":"(anonymous_2)","decl":{"start":{"line":54,"column":20},"end":{"line":54,"column":21}},"loc":{"start":{"line":54,"column":36},"end":{"line":60,"column":7}},"line":54},"3":{"name":"(anonymous_3)","decl":{"start":{"line":82,"column":34},"end":{"line":82,"column":35}},"loc":{"start":{"line":82,"column":41},"end":{"line":82,"column":71}},"line":82},"4":{"name":"(anonymous_4)","decl":{"start":{"line":111,"column":20},"end":{"line":111,"column":21}},"loc":{"start":{"line":111,"column":36},"end":{"line":117,"column":7}},"line":111},"5":{"name":"(anonymous_5)","decl":{"start":{"line":137,"column":17},"end":{"line":137,"column":18}},"loc":{"start":{"line":137,"column":43},"end":{"line":156,"column":1}},"line":137},"6":{"name":"(anonymous_6)","decl":{"start":{"line":158,"column":21},"end":{"line":158,"column":22}},"loc":{"start":{"line":158,"column":41},"end":{"line":177,"column":1}},"line":158},"7":{"name":"(anonymous_7)","decl":{"start":{"line":180,"column":29},"end":{"line":180,"column":30}},"loc":{"start":{"line":180,"column":49},"end":{"line":289,"column":1}},"line":180},"8":{"name":"(anonymous_8)","decl":{"start":{"line":234,"column":24},"end":{"line":234,"column":25}},"loc":{"start":{"line":234,"column":31},"end":{"line":238,"column":5}},"line":234},"9":{"name":"(anonymous_9)","decl":{"start":{"line":240,"column":24},"end":{"line":240,"column":25}},"loc":{"start":{"line":240,"column":31},"end":{"line":244,"column":5}},"line":240},"10":{"name":"(anonymous_10)","decl":{"start":{"line":293,"column":20},"end":{"line":293,"column":21}},"loc":{"start":{"line":293,"column":40},"end":{"line":339,"column":1}},"line":293},"11":{"name":"(anonymous_11)","decl":{"start":{"line":320,"column":28},"end":{"line":320,"column":29}},"loc":{"start":{"line":320,"column":47},"end":{"line":326,"column":5}},"line":320},"12":{"name":"(anonymous_12)","decl":{"start":{"line":342,"column":23},"end":{"line":342,"column":24}},"loc":{"start":{"line":342,"column":43},"end":{"line":365,"column":1}},"line":342}},"branchMap":{"0":{"loc":{"start":{"line":19,"column":4},"end":{"line":130,"column":5}},"type":"if","locations":[{"start":{"line":19,"column":4},"end":{"line":130,"column":5}},{"start":{"line":65,"column":11},"end":{"line":130,"column":5}}],"line":19},"1":{"loc":{"start":{"line":19,"column":8},"end":{"line":19,"column":29}},"type":"binary-expr","locations":[{"start":{"line":19,"column":8},"end":{"line":19,"column":13}},{"start":{"line":19,"column":17},"end":{"line":19,"column":29}}],"line":19},"2":{"loc":{"start":{"line":21,"column":7},"end":{"line":25,"column":8}},"type":"if","locations":[{"start":{"line":21,"column":7},"end":{"line":25,"column":8}},{"start":{},"end":{}}],"line":21},"3":{"loc":{"start":{"line":70,"column":6},"end":{"line":74,"column":7}},"type":"if","locations":[{"start":{"line":70,"column":6},"end":{"line":74,"column":7}},{"start":{},"end":{}}],"line":70},"4":{"loc":{"start":{"line":75,"column":6},"end":{"line":80,"column":7}},"type":"if","locations":[{"start":{"line":75,"column":6},"end":{"line":80,"column":7}},{"start":{},"end":{}}],"line":75},"5":{"loc":{"start":{"line":83,"column":6},"end":{"line":90,"column":7}},"type":"if","locations":[{"start":{"line":83,"column":6},"end":{"line":90,"column":7}},{"start":{},"end":{}}],"line":83},"6":{"loc":{"start":{"line":145,"column":4},"end":{"line":148,"column":77}},"type":"if","locations":[{"start":{"line":145,"column":4},"end":{"line":148,"column":77}},{"start":{},"end":{}}],"line":145},"7":{"loc":{"start":{"line":168,"column":4},"end":{"line":172,"column":5}},"type":"if","locations":[{"start":{"line":168,"column":4},"end":{"line":172,"column":5}},{"start":{},"end":{}}],"line":168},"8":{"loc":{"start":{"line":185,"column":4},"end":{"line":189,"column":5}},"type":"if","locations":[{"start":{"line":185,"column":4},"end":{"line":189,"column":5}},{"start":{},"end":{}}],"line":185},"9":{"loc":{"start":{"line":190,"column":4},"end":{"line":192,"column":5}},"type":"if","locations":[{"start":{"line":190,"column":4},"end":{"line":192,"column":5}},{"start":{},"end":{}}],"line":190},"10":{"loc":{"start":{"line":193,"column":4},"end":{"line":197,"column":5}},"type":"if","locations":[{"start":{"line":193,"column":4},"end":{"line":197,"column":5}},{"start":{},"end":{}}],"line":193},"11":{"loc":{"start":{"line":198,"column":4},"end":{"line":200,"column":5}},"type":"if","locations":[{"start":{"line":198,"column":4},"end":{"line":200,"column":5}},{"start":{},"end":{}}],"line":198},"12":{"loc":{"start":{"line":202,"column":4},"end":{"line":206,"column":5}},"type":"if","locations":[{"start":{"line":202,"column":4},"end":{"line":206,"column":5}},{"start":{},"end":{}}],"line":202},"13":{"loc":{"start":{"line":208,"column":4},"end":{"line":213,"column":5}},"type":"if","locations":[{"start":{"line":208,"column":4},"end":{"line":213,"column":5}},{"start":{},"end":{}}],"line":208},"14":{"loc":{"start":{"line":214,"column":4},"end":{"line":218,"column":5}},"type":"if","locations":[{"start":{"line":214,"column":4},"end":{"line":218,"column":5}},{"start":{},"end":{}}],"line":214},"15":{"loc":{"start":{"line":222,"column":4},"end":{"line":226,"column":5}},"type":"if","locations":[{"start":{"line":222,"column":4},"end":{"line":226,"column":5}},{"start":{},"end":{}}],"line":222},"16":{"loc":{"start":{"line":227,"column":4},"end":{"line":231,"column":5}},"type":"if","locations":[{"start":{"line":227,"column":4},"end":{"line":231,"column":5}},{"start":{},"end":{}}],"line":227},"17":{"loc":{"start":{"line":235,"column":6},"end":{"line":237,"column":7}},"type":"if","locations":[{"start":{"line":235,"column":6},"end":{"line":237,"column":7}},{"start":{},"end":{}}],"line":235},"18":{"loc":{"start":{"line":241,"column":6},"end":{"line":243,"column":7}},"type":"if","locations":[{"start":{"line":241,"column":6},"end":{"line":243,"column":7}},{"start":{},"end":{}}],"line":241},"19":{"loc":{"start":{"line":255,"column":4},"end":{"line":285,"column":5}},"type":"if","locations":[{"start":{"line":255,"column":4},"end":{"line":285,"column":5}},{"start":{"line":273,"column":11},"end":{"line":285,"column":5}}],"line":255},"20":{"loc":{"start":{"line":297,"column":4},"end":{"line":301,"column":5}},"type":"if","locations":[{"start":{"line":297,"column":4},"end":{"line":301,"column":5}},{"start":{},"end":{}}],"line":297},"21":{"loc":{"start":{"line":302,"column":4},"end":{"line":304,"column":5}},"type":"if","locations":[{"start":{"line":302,"column":4},"end":{"line":304,"column":5}},{"start":{},"end":{}}],"line":302},"22":{"loc":{"start":{"line":309,"column":4},"end":{"line":314,"column":5}},"type":"if","locations":[{"start":{"line":309,"column":4},"end":{"line":314,"column":5}},{"start":{},"end":{}}],"line":309},"23":{"loc":{"start":{"line":315,"column":4},"end":{"line":319,"column":5}},"type":"if","locations":[{"start":{"line":315,"column":4},"end":{"line":319,"column":5}},{"start":{},"end":{}}],"line":315},"24":{"loc":{"start":{"line":345,"column":4},"end":{"line":349,"column":5}},"type":"if","locations":[{"start":{"line":345,"column":4},"end":{"line":349,"column":5}},{"start":{},"end":{}}],"line":345},"25":{"loc":{"start":{"line":354,"column":4},"end":{"line":358,"column":5}},"type":"if","locations":[{"start":{"line":354,"column":4},"end":{"line":358,"column":5}},{"start":{},"end":{}}],"line":354}},"s":{"0":6,"1":6,"2":6,"3":6,"4":6,"5":6,"6":6,"7":6,"8":1,"9":6,"10":1,"11":1,"12":1,"13":1,"14":1,"15":1,"16":0,"17":1,"18":1,"19":1,"20":1,"21":1,"22":1,"23":1,"24":1,"25":0,"26":0,"27":0,"28":0,"29":0,"30":0,"31":0,"32":0,"33":0,"34":0,"35":0,"36":0,"37":0,"38":0,"39":0,"40":0,"41":6,"42":3,"43":3,"44":3,"45":0,"46":0,"47":0,"48":3,"49":6,"50":2,"51":2,"52":2,"53":1,"54":0,"55":1,"56":1,"57":6,"58":1,"59":1,"60":1,"61":1,"62":1,"63":1,"64":0,"65":0,"66":0,"67":0,"68":0,"69":0,"70":0,"71":0,"72":0,"73":0,"74":0,"75":0,"76":0,"77":0,"78":0,"79":0,"80":0,"81":0,"82":0,"83":0,"84":0,"85":0,"86":0,"87":0,"88":0,"89":0,"90":0,"91":0,"92":0,"93":0,"94":0,"95":0,"96":0,"97":0,"98":0,"99":6,"100":2,"101":2,"102":2,"103":2,"104":1,"105":1,"106":1,"107":0,"108":0,"109":0,"110":0,"111":0,"112":0,"113":0,"114":0,"115":0,"116":0,"117":6,"118":1,"119":1,"120":1,"121":1,"122":0,"123":0,"124":0,"125":0,"126":0,"127":6},"f":{"0":1,"1":1,"2":1,"3":0,"4":0,"5":3,"6":2,"7":1,"8":0,"9":0,"10":2,"11":0,"12":1},"b":{"0":[1,0],"1":[1,1],"2":[0,1],"3":[0,0],"4":[0,0],"5":[0,0],"6":[0,0],"7":[0,1],"8":[1,0],"9":[0,0],"10":[0,0],"11":[0,0],"12":[0,0],"13":[0,0],"14":[0,0],"15":[0,0],"16":[0,0],"17":[0,0],"18":[0,0],"19":[0,0],"20":[1,1],"21":[1,0],"22":[0,0],"23":[0,0],"24":[1,0],"25":[0,0]},"_coverageSchema":"1a1c01bbd47fc00a2c39e90264f33305004495a9","hash":"ce061a21f3995d6e53998370d5f7980f96c9801b"}
,"/home/ri-dev/Desktop/Ecommerce-Backned/src/controller/productController.js": {"path":"/home/ri-dev/Desktop/Ecommerce-Backned/src/controller/productController.js","statementMap":{"0":{"start":{"line":1,"column":21},"end":{"line":1,"column":53}},"1":{"start":{"line":2,"column":26},"end":{"line":2,"column":67}},"2":{"start":{"line":4,"column":22},"end":{"line":23,"column":1}},"3":{"start":{"line":5,"column":2},"end":{"line":22,"column":3}},"4":{"start":{"line":7,"column":58},"end":{"line":7,"column":66}},"5":{"start":{"line":9,"column":4},"end":{"line":11,"column":5}},"6":{"start":{"line":10,"column":6},"end":{"line":10,"column":81}},"7":{"start":{"line":12,"column":18},"end":{"line":12,"column":50}},"8":{"start":{"line":14,"column":4},"end":{"line":16,"column":5}},"9":{"start":{"line":15,"column":6},"end":{"line":15,"column":66}},"10":{"start":{"line":17,"column":18},"end":{"line":17,"column":53}},"11":{"start":{"line":18,"column":4},"end":{"line":19,"column":7}},"12":{"start":{"line":21,"column":4},"end":{"line":21,"column":75}},"13":{"start":{"line":25,"column":27},"end":{"line":32,"column":1}},"14":{"start":{"line":26,"column":2},"end":{"line":31,"column":3}},"15":{"start":{"line":27,"column":19},"end":{"line":27,"column":54}},"16":{"start":{"line":28,"column":4},"end":{"line":28,"column":60}},"17":{"start":{"line":30,"column":4},"end":{"line":30,"column":75}},"18":{"start":{"line":34,"column":27},"end":{"line":41,"column":1}},"19":{"start":{"line":35,"column":2},"end":{"line":40,"column":3}},"20":{"start":{"line":36,"column":19},"end":{"line":36,"column":53}},"21":{"start":{"line":37,"column":4},"end":{"line":37,"column":60}},"22":{"start":{"line":39,"column":4},"end":{"line":39,"column":75}},"23":{"start":{"line":43,"column":23},"end":{"line":51,"column":1}},"24":{"start":{"line":44,"column":11},"end":{"line":44,"column":24}},"25":{"start":{"line":45,"column":2},"end":{"line":50,"column":3}},"26":{"start":{"line":46,"column":19},"end":{"line":46,"column":46}},"27":{"start":{"line":47,"column":4},"end":{"line":47,"column":60}},"28":{"start":{"line":49,"column":4},"end":{"line":49,"column":75}},"29":{"start":{"line":53,"column":22},"end":{"line":76,"column":1}},"30":{"start":{"line":54,"column":2},"end":{"line":75,"column":3}},"31":{"start":{"line":55,"column":28},"end":{"line":55,"column":37}},"32":{"start":{"line":57,"column":4},"end":{"line":62,"column":5}},"33":{"start":{"line":58,"column":6},"end":{"line":61,"column":9}},"34":{"start":{"line":64,"column":21},"end":{"line":70,"column":6}},"35":{"start":{"line":72,"column":4},"end":{"line":72,"column":30}},"36":{"start":{"line":74,"column":4},"end":{"line":74,"column":73}},"37":{"start":{"line":78,"column":24},"end":{"line":78,"column":55}},"38":{"start":{"line":79,"column":26},"end":{"line":79,"column":41}},"39":{"start":{"line":81,"column":25},"end":{"line":99,"column":1}},"40":{"start":{"line":83,"column":94},"end":{"line":83,"column":99}},"41":{"start":{"line":85,"column":2},"end":{"line":85,"column":53}},"42":{"start":{"line":87,"column":2},"end":{"line":87,"column":26}},"43":{"start":{"line":89,"column":2},"end":{"line":89,"column":57}},"44":{"start":{"line":90,"column":2},"end":{"line":90,"column":60}},"45":{"start":{"line":92,"column":23},"end":{"line":92,"column":25}},"46":{"start":{"line":93,"column":2},"end":{"line":96,"column":3}},"47":{"start":{"line":94,"column":25},"end":{"line":94,"column":44}},"48":{"start":{"line":95,"column":6},"end":{"line":95,"column":57}},"49":{"start":{"line":98,"column":2},"end":{"line":98,"column":62}},"50":{"start":{"line":101,"column":25},"end":{"line":106,"column":1}},"51":{"start":{"line":102,"column":4},"end":{"line":104,"column":5}},"52":{"start":{"line":103,"column":8},"end":{"line":103,"column":60}},"53":{"start":{"line":105,"column":4},"end":{"line":105,"column":14}},"54":{"start":{"line":108,"column":19},"end":{"line":131,"column":1}},"55":{"start":{"line":109,"column":4},"end":{"line":130,"column":5}},"56":{"start":{"line":110,"column":69},"end":{"line":110,"column":92}},"57":{"start":{"line":111,"column":28},"end":{"line":111,"column":52}},"58":{"start":{"line":113,"column":25},"end":{"line":116,"column":25}},"59":{"start":{"line":118,"column":22},"end":{"line":118,"column":89}},"60":{"start":{"line":120,"column":8},"end":{"line":127,"column":10}},"61":{"start":{"line":129,"column":8},"end":{"line":129,"column":49}},"62":{"start":{"line":133,"column":0},"end":{"line":141,"column":2}}},"fnMap":{"0":{"name":"(anonymous_0)","decl":{"start":{"line":4,"column":22},"end":{"line":4,"column":23}},"loc":{"start":{"line":4,"column":48},"end":{"line":23,"column":1}},"line":4},"1":{"name":"(anonymous_1)","decl":{"start":{"line":25,"column":27},"end":{"line":25,"column":28}},"loc":{"start":{"line":25,"column":47},"end":{"line":32,"column":1}},"line":25},"2":{"name":"(anonymous_2)","decl":{"start":{"line":34,"column":27},"end":{"line":34,"column":28}},"loc":{"start":{"line":34,"column":47},"end":{"line":41,"column":1}},"line":34},"3":{"name":"(anonymous_3)","decl":{"start":{"line":43,"column":23},"end":{"line":43,"column":24}},"loc":{"start":{"line":43,"column":43},"end":{"line":51,"column":1}},"line":43},"4":{"name":"(anonymous_4)","decl":{"start":{"line":53,"column":22},"end":{"line":53,"column":23}},"loc":{"start":{"line":53,"column":42},"end":{"line":76,"column":1}},"line":53},"5":{"name":"(anonymous_5)","decl":{"start":{"line":81,"column":25},"end":{"line":81,"column":26}},"loc":{"start":{"line":81,"column":36},"end":{"line":99,"column":1}},"line":81},"6":{"name":"(anonymous_6)","decl":{"start":{"line":101,"column":25},"end":{"line":101,"column":26}},"loc":{"start":{"line":101,"column":37},"end":{"line":106,"column":1}},"line":101},"7":{"name":"(anonymous_7)","decl":{"start":{"line":108,"column":19},"end":{"line":108,"column":20}},"loc":{"start":{"line":108,"column":36},"end":{"line":131,"column":1}},"line":108}},"branchMap":{"0":{"loc":{"start":{"line":9,"column":4},"end":{"line":11,"column":5}},"type":"if","locations":[{"start":{"line":9,"column":4},"end":{"line":11,"column":5}},{"start":{},"end":{}}],"line":9},"1":{"loc":{"start":{"line":9,"column":8},"end":{"line":9,"column":77}},"type":"binary-expr","locations":[{"start":{"line":9,"column":8},"end":{"line":9,"column":41}},{"start":{"line":9,"column":45},"end":{"line":9,"column":77}}],"line":9},"2":{"loc":{"start":{"line":14,"column":4},"end":{"line":16,"column":5}},"type":"if","locations":[{"start":{"line":14,"column":4},"end":{"line":16,"column":5}},{"start":{},"end":{}}],"line":14},"3":{"loc":{"start":{"line":57,"column":4},"end":{"line":62,"column":5}},"type":"if","locations":[{"start":{"line":57,"column":4},"end":{"line":62,"column":5}},{"start":{},"end":{}}],"line":57},"4":{"loc":{"start":{"line":83,"column":8},"end":{"line":83,"column":16}},"type":"default-arg","locations":[{"start":{"line":83,"column":15},"end":{"line":83,"column":16}}],"line":83},"5":{"loc":{"start":{"line":83,"column":18},"end":{"line":83,"column":27}},"type":"default-arg","locations":[{"start":{"line":83,"column":26},"end":{"line":83,"column":27}}],"line":83},"6":{"loc":{"start":{"line":83,"column":29},"end":{"line":83,"column":40}},"type":"default-arg","locations":[{"start":{"line":83,"column":38},"end":{"line":83,"column":40}}],"line":83},"7":{"loc":{"start":{"line":83,"column":42},"end":{"line":83,"column":56}},"type":"default-arg","locations":[{"start":{"line":83,"column":49},"end":{"line":83,"column":56}}],"line":83},"8":{"loc":{"start":{"line":83,"column":58},"end":{"line":83,"column":71}},"type":"default-arg","locations":[{"start":{"line":83,"column":66},"end":{"line":83,"column":71}}],"line":83},"9":{"loc":{"start":{"line":83,"column":73},"end":{"line":83,"column":89}},"type":"default-arg","locations":[{"start":{"line":83,"column":84},"end":{"line":83,"column":89}}],"line":83},"10":{"loc":{"start":{"line":85,"column":9},"end":{"line":85,"column":52}},"type":"cond-expr","locations":[{"start":{"line":85,"column":30},"end":{"line":85,"column":31}},{"start":{"line":85,"column":34},"end":{"line":85,"column":52}}],"line":85},"11":{"loc":{"start":{"line":89,"column":9},"end":{"line":89,"column":56}},"type":"cond-expr","locations":[{"start":{"line":89,"column":42},"end":{"line":89,"column":46}},{"start":{"line":89,"column":49},"end":{"line":89,"column":56}}],"line":89},"12":{"loc":{"start":{"line":90,"column":10},"end":{"line":90,"column":59}},"type":"cond-expr","locations":[{"start":{"line":90,"column":46},"end":{"line":90,"column":51}},{"start":{"line":90,"column":54},"end":{"line":90,"column":59}}],"line":90},"13":{"loc":{"start":{"line":93,"column":2},"end":{"line":96,"column":3}},"type":"if","locations":[{"start":{"line":93,"column":2},"end":{"line":96,"column":3}},{"start":{},"end":{}}],"line":93},"14":{"loc":{"start":{"line":102,"column":4},"end":{"line":104,"column":5}},"type":"if","locations":[{"start":{"line":102,"column":4},"end":{"line":104,"column":5}},{"start":{},"end":{}}],"line":102}},"s":{"0":6,"1":6,"2":6,"3":5,"4":5,"5":5,"6":1,"7":4,"8":4,"9":1,"10":3,"11":1,"12":2,"13":6,"14":2,"15":2,"16":1,"17":1,"18":6,"19":2,"20":2,"21":1,"22":1,"23":6,"24":2,"25":2,"26":2,"27":1,"28":1,"29":6,"30":2,"31":2,"32":2,"33":1,"34":1,"35":1,"36":1,"37":6,"38":6,"39":6,"40":2,"41":2,"42":2,"43":2,"44":2,"45":2,"46":2,"47":2,"48":2,"49":2,"50":6,"51":1,"52":1,"53":0,"54":6,"55":1,"56":1,"57":1,"58":1,"59":0,"60":0,"61":1,"62":6},"f":{"0":5,"1":2,"2":2,"3":2,"4":2,"5":2,"6":1,"7":1},"b":{"0":[1,4],"1":[5,4],"2":[1,3],"3":[1,1],"4":[0],"5":[0],"6":[0],"7":[0],"8":[0],"9":[0],"10":[0,2],"11":[2,0],"12":[2,0],"13":[2,0],"14":[1,0]},"_coverageSchema":"1a1c01bbd47fc00a2c39e90264f33305004495a9","hash":"ac3ece0fe3213776f4a9f0cdc37e7a3a7d3c7664"}
,"/home/ri-dev/Desktop/Ecommerce-Backned/src/controller/stripeController.js": {"path":"/home/ri-dev/Desktop/Ecommerce-Backned/src/controller/stripeController.js","statementMap":{"0":{"start":{"line":2,"column":15},"end":{"line":2,"column":143}},"1":{"start":{"line":3,"column":20},"end":{"line":3,"column":65}},"2":{"start":{"line":4,"column":19},"end":{"line":4,"column":49}},"3":{"start":{"line":5,"column":21},"end":{"line":5,"column":53}},"4":{"start":{"line":10,"column":16},"end":{"line":72,"column":1}},"5":{"start":{"line":12,"column":2},"end":{"line":71,"column":3}},"6":{"start":{"line":13,"column":30},"end":{"line":13,"column":51}},"7":{"start":{"line":15,"column":16},"end":{"line":15,"column":30}},"8":{"start":{"line":16,"column":19},"end":{"line":16,"column":45}},"9":{"start":{"line":17,"column":4},"end":{"line":19,"column":5}},"10":{"start":{"line":18,"column":6},"end":{"line":18,"column":42}},"11":{"start":{"line":21,"column":25},"end":{"line":24,"column":5}},"12":{"start":{"line":26,"column":18},"end":{"line":42,"column":6}},"13":{"start":{"line":28,"column":39},"end":{"line":38,"column":7}},"14":{"start":{"line":44,"column":4},"end":{"line":66,"column":5}},"15":{"start":{"line":45,"column":18},"end":{"line":48,"column":8}},"16":{"start":{"line":50,"column":6},"end":{"line":54,"column":7}},"17":{"start":{"line":51,"column":8},"end":{"line":51,"column":37}},"18":{"start":{"line":52,"column":8},"end":{"line":52,"column":132}},"19":{"start":{"line":52,"column":58},"end":{"line":52,"column":127}},"20":{"start":{"line":53,"column":8},"end":{"line":53,"column":27}},"21":{"start":{"line":56,"column":18},"end":{"line":59,"column":8}},"22":{"start":{"line":61,"column":6},"end":{"line":65,"column":7}},"23":{"start":{"line":62,"column":8},"end":{"line":62,"column":37}},"24":{"start":{"line":63,"column":8},"end":{"line":63,"column":132}},"25":{"start":{"line":63,"column":58},"end":{"line":63,"column":127}},"26":{"start":{"line":64,"column":8},"end":{"line":64,"column":27}},"27":{"start":{"line":68,"column":4},"end":{"line":68,"column":34}},"28":{"start":{"line":70,"column":4},"end":{"line":70,"column":16}},"29":{"start":{"line":74,"column":22},"end":{"line":121,"column":1}},"30":{"start":{"line":75,"column":2},"end":{"line":120,"column":3}},"31":{"start":{"line":76,"column":17},"end":{"line":76,"column":28}},"32":{"start":{"line":78,"column":18},"end":{"line":78,"column":63}},"33":{"start":{"line":79,"column":24},"end":{"line":79,"column":26}},"34":{"start":{"line":81,"column":4},"end":{"line":88,"column":5}},"35":{"start":{"line":82,"column":6},"end":{"line":84,"column":8}},"36":{"start":{"line":85,"column":6},"end":{"line":85,"column":43}},"37":{"start":{"line":87,"column":6},"end":{"line":87,"column":39}},"38":{"start":{"line":90,"column":16},"end":{"line":90,"column":101}},"39":{"start":{"line":92,"column":4},"end":{"line":116,"column":5}},"40":{"start":{"line":94,"column":6},"end":{"line":105,"column":7}},"41":{"start":{"line":95,"column":8},"end":{"line":101,"column":11}},"42":{"start":{"line":96,"column":10},"end":{"line":100,"column":12}},"43":{"start":{"line":104,"column":8},"end":{"line":104,"column":53}},"44":{"start":{"line":108,"column":6},"end":{"line":108,"column":42}},"45":{"start":{"line":109,"column":6},"end":{"line":109,"column":25}},"46":{"start":{"line":112,"column":6},"end":{"line":112,"column":88}},"47":{"start":{"line":115,"column":6},"end":{"line":115,"column":64}},"48":{"start":{"line":118,"column":4},"end":{"line":118,"column":23}},"49":{"start":{"line":119,"column":4},"end":{"line":119,"column":68}},"50":{"start":{"line":123,"column":0},"end":{"line":126,"column":2}}},"fnMap":{"0":{"name":"(anonymous_0)","decl":{"start":{"line":10,"column":16},"end":{"line":10,"column":17}},"loc":{"start":{"line":10,"column":42},"end":{"line":72,"column":1}},"line":10},"1":{"name":"(anonymous_1)","decl":{"start":{"line":28,"column":28},"end":{"line":28,"column":29}},"loc":{"start":{"line":28,"column":39},"end":{"line":38,"column":7}},"line":28},"2":{"name":"(anonymous_2)","decl":{"start":{"line":52,"column":41},"end":{"line":52,"column":42}},"loc":{"start":{"line":52,"column":58},"end":{"line":52,"column":127}},"line":52},"3":{"name":"(anonymous_3)","decl":{"start":{"line":63,"column":41},"end":{"line":63,"column":42}},"loc":{"start":{"line":63,"column":58},"end":{"line":63,"column":127}},"line":63},"4":{"name":"(anonymous_4)","decl":{"start":{"line":74,"column":22},"end":{"line":74,"column":23}},"loc":{"start":{"line":74,"column":42},"end":{"line":121,"column":1}},"line":74},"5":{"name":"(anonymous_5)","decl":{"start":{"line":95,"column":28},"end":{"line":95,"column":29}},"loc":{"start":{"line":95,"column":44},"end":{"line":101,"column":9}},"line":95}},"branchMap":{"0":{"loc":{"start":{"line":16,"column":19},"end":{"line":16,"column":45}},"type":"binary-expr","locations":[{"start":{"line":16,"column":19},"end":{"line":16,"column":36}},{"start":{"line":16,"column":40},"end":{"line":16,"column":45}}],"line":16},"1":{"loc":{"start":{"line":17,"column":4},"end":{"line":19,"column":5}},"type":"if","locations":[{"start":{"line":17,"column":4},"end":{"line":19,"column":5}},{"start":{},"end":{}}],"line":17},"2":{"loc":{"start":{"line":44,"column":4},"end":{"line":66,"column":5}},"type":"if","locations":[{"start":{"line":44,"column":4},"end":{"line":66,"column":5}},{"start":{"line":55,"column":11},"end":{"line":66,"column":5}}],"line":44},"3":{"loc":{"start":{"line":50,"column":6},"end":{"line":54,"column":7}},"type":"if","locations":[{"start":{"line":50,"column":6},"end":{"line":54,"column":7}},{"start":{},"end":{}}],"line":50},"4":{"loc":{"start":{"line":61,"column":6},"end":{"line":65,"column":7}},"type":"if","locations":[{"start":{"line":61,"column":6},"end":{"line":65,"column":7}},{"start":{},"end":{}}],"line":61},"5":{"loc":{"start":{"line":81,"column":4},"end":{"line":88,"column":5}},"type":"if","locations":[{"start":{"line":81,"column":4},"end":{"line":88,"column":5}},{"start":{"line":86,"column":11},"end":{"line":88,"column":5}}],"line":81},"6":{"loc":{"start":{"line":92,"column":4},"end":{"line":116,"column":5}},"type":"if","locations":[{"start":{"line":92,"column":4},"end":{"line":116,"column":5}},{"start":{"line":113,"column":11},"end":{"line":116,"column":5}}],"line":92},"7":{"loc":{"start":{"line":94,"column":6},"end":{"line":105,"column":7}},"type":"if","locations":[{"start":{"line":94,"column":6},"end":{"line":105,"column":7}},{"start":{"line":102,"column":13},"end":{"line":105,"column":7}}],"line":94}},"s":{"0":1,"1":1,"2":1,"3":1,"4":1,"5":3,"6":3,"7":3,"8":3,"9":3,"10":3,"11":0,"12":0,"13":0,"14":0,"15":0,"16":0,"17":0,"18":0,"19":0,"20":0,"21":0,"22":0,"23":0,"24":0,"25":0,"26":0,"27":0,"28":3,"29":1,"30":0,"31":0,"32":0,"33":0,"34":0,"35":0,"36":0,"37":0,"38":0,"39":0,"40":0,"41":0,"42":0,"43":0,"44":0,"45":0,"46":0,"47":0,"48":0,"49":0,"50":1},"f":{"0":3,"1":0,"2":0,"3":0,"4":0,"5":0},"b":{"0":[3,0],"1":[3,0],"2":[0,0],"3":[0,0],"4":[0,0],"5":[0,0],"6":[0,0],"7":[0,0]},"_coverageSchema":"1a1c01bbd47fc00a2c39e90264f33305004495a9","hash":"9009dcab1fc026fb3877de6286d15a010238fb14"}
,"/home/ri-dev/Desktop/Ecommerce-Backned/src/controller/userController.js": {"path":"/home/ri-dev/Desktop/Ecommerce-Backned/src/controller/userController.js","statementMap":{"0":{"start":{"line":1,"column":18},"end":{"line":1,"column":47}},"1":{"start":{"line":2,"column":15},"end":{"line":2,"column":32}},"2":{"start":{"line":3,"column":12},"end":{"line":3,"column":35}},"3":{"start":{"line":4,"column":23},"end":{"line":4,"column":64}},"4":{"start":{"line":5,"column":21},"end":{"line":5,"column":44}},"5":{"start":{"line":6,"column":34},"end":{"line":6,"column":67}},"6":{"start":{"line":10,"column":15},"end":{"line":56,"column":1}},"7":{"start":{"line":11,"column":2},"end":{"line":55,"column":3}},"8":{"start":{"line":12,"column":52},"end":{"line":12,"column":60}},"9":{"start":{"line":15,"column":4},"end":{"line":17,"column":5}},"10":{"start":{"line":16,"column":6},"end":{"line":16,"column":81}},"11":{"start":{"line":19,"column":18},"end":{"line":19,"column":47}},"12":{"start":{"line":21,"column":4},"end":{"line":23,"column":5}},"13":{"start":{"line":22,"column":6},"end":{"line":22,"column":66}},"14":{"start":{"line":26,"column":21},"end":{"line":26,"column":62}},"15":{"start":{"line":27,"column":4},"end":{"line":29,"column":5}},"16":{"start":{"line":28,"column":6},"end":{"line":28,"column":86}},"17":{"start":{"line":31,"column":15},"end":{"line":31,"column":46}},"18":{"start":{"line":33,"column":17},"end":{"line":39,"column":5}},"19":{"start":{"line":41,"column":20},"end":{"line":43,"column":6}},"20":{"start":{"line":46,"column":16},"end":{"line":46,"column":41}},"21":{"start":{"line":48,"column":4},"end":{"line":52,"column":7}},"22":{"start":{"line":54,"column":4},"end":{"line":54,"column":66}},"23":{"start":{"line":60,"column":18},"end":{"line":62,"column":1}},"24":{"start":{"line":61,"column":2},"end":{"line":61,"column":22}},"25":{"start":{"line":63,"column":18},"end":{"line":128,"column":1}},"26":{"start":{"line":65,"column":2},"end":{"line":127,"column":3}},"27":{"start":{"line":66,"column":18},"end":{"line":66,"column":32}},"28":{"start":{"line":67,"column":21},"end":{"line":67,"column":38}},"29":{"start":{"line":69,"column":4},"end":{"line":71,"column":5}},"30":{"start":{"line":70,"column":6},"end":{"line":70,"column":81}},"31":{"start":{"line":73,"column":4},"end":{"line":75,"column":5}},"32":{"start":{"line":74,"column":6},"end":{"line":74,"column":71}},"33":{"start":{"line":76,"column":4},"end":{"line":78,"column":5}},"34":{"start":{"line":77,"column":6},"end":{"line":77,"column":74}},"35":{"start":{"line":79,"column":15},"end":{"line":79,"column":56}},"36":{"start":{"line":80,"column":4},"end":{"line":84,"column":5}},"37":{"start":{"line":81,"column":6},"end":{"line":83,"column":79}},"38":{"start":{"line":85,"column":23},"end":{"line":85,"column":68}},"39":{"start":{"line":86,"column":4},"end":{"line":90,"column":5}},"40":{"start":{"line":87,"column":6},"end":{"line":89,"column":64}},"41":{"start":{"line":91,"column":16},"end":{"line":93,"column":6}},"42":{"start":{"line":94,"column":23},"end":{"line":98,"column":5}},"43":{"start":{"line":99,"column":21},"end":{"line":103,"column":5}},"44":{"start":{"line":104,"column":20},"end":{"line":104,"column":37}},"45":{"start":{"line":105,"column":4},"end":{"line":111,"column":5}},"46":{"start":{"line":106,"column":6},"end":{"line":110,"column":9}},"47":{"start":{"line":107,"column":8},"end":{"line":109,"column":9}},"48":{"start":{"line":108,"column":10},"end":{"line":108,"column":19}},"49":{"start":{"line":112,"column":4},"end":{"line":117,"column":7}},"50":{"start":{"line":118,"column":21},"end":{"line":120,"column":5}},"51":{"start":{"line":121,"column":4},"end":{"line":121,"column":26}},"52":{"start":{"line":122,"column":4},"end":{"line":124,"column":102}},"53":{"start":{"line":126,"column":4},"end":{"line":126,"column":73}},"54":{"start":{"line":131,"column":21},"end":{"line":154,"column":1}},"55":{"start":{"line":132,"column":2},"end":{"line":153,"column":3}},"56":{"start":{"line":133,"column":21},"end":{"line":133,"column":29}},"57":{"start":{"line":134,"column":4},"end":{"line":150,"column":5}},"58":{"start":{"line":135,"column":25},"end":{"line":138,"column":7}},"59":{"start":{"line":139,"column":20},"end":{"line":143,"column":7}},"60":{"start":{"line":144,"column":23},"end":{"line":146,"column":7}},"61":{"start":{"line":147,"column":6},"end":{"line":147,"column":37}},"62":{"start":{"line":149,"column":6},"end":{"line":149,"column":56}},"63":{"start":{"line":152,"column":4},"end":{"line":152,"column":58}},"64":{"start":{"line":157,"column":23},"end":{"line":195,"column":1}},"65":{"start":{"line":158,"column":2},"end":{"line":194,"column":3}},"66":{"start":{"line":159,"column":18},"end":{"line":159,"column":32}},"67":{"start":{"line":160,"column":21},"end":{"line":160,"column":55}},"68":{"start":{"line":161,"column":4},"end":{"line":165,"column":5}},"69":{"start":{"line":162,"column":6},"end":{"line":164,"column":62}},"70":{"start":{"line":166,"column":4},"end":{"line":191,"column":5}},"71":{"start":{"line":167,"column":27},"end":{"line":167,"column":50}},"72":{"start":{"line":169,"column":7},"end":{"line":178,"column":8}},"73":{"start":{"line":179,"column":6},"end":{"line":179,"column":58}},"74":{"start":{"line":181,"column":6},"end":{"line":186,"column":11}},"75":{"start":{"line":188,"column":6},"end":{"line":190,"column":71}},"76":{"start":{"line":193,"column":4},"end":{"line":193,"column":67}},"77":{"start":{"line":198,"column":23},"end":{"line":232,"column":1}},"78":{"start":{"line":199,"column":2},"end":{"line":231,"column":3}},"79":{"start":{"line":200,"column":18},"end":{"line":200,"column":39}},"80":{"start":{"line":201,"column":22},"end":{"line":201,"column":63}},"81":{"start":{"line":202,"column":4},"end":{"line":206,"column":5}},"82":{"start":{"line":203,"column":6},"end":{"line":205,"column":69}},"83":{"start":{"line":207,"column":4},"end":{"line":211,"column":5}},"84":{"start":{"line":208,"column":6},"end":{"line":210,"column":92}},"85":{"start":{"line":212,"column":4},"end":{"line":228,"column":5}},"86":{"start":{"line":213,"column":23},"end":{"line":213,"column":43}},"87":{"start":{"line":214,"column":26},"end":{"line":214,"column":57}},"88":{"start":{"line":215,"column":23},"end":{"line":219,"column":7}},"89":{"start":{"line":220,"column":6},"end":{"line":225,"column":11}},"90":{"start":{"line":227,"column":6},"end":{"line":227,"column":74}},"91":{"start":{"line":230,"column":4},"end":{"line":230,"column":74}},"92":{"start":{"line":235,"column":15},"end":{"line":256,"column":1}},"93":{"start":{"line":236,"column":15},"end":{"line":236,"column":30}},"94":{"start":{"line":237,"column":2},"end":{"line":255,"column":3}},"95":{"start":{"line":238,"column":16},"end":{"line":238,"column":40}},"96":{"start":{"line":239,"column":19},"end":{"line":239,"column":34}},"97":{"start":{"line":241,"column":15},"end":{"line":241,"column":47}},"98":{"start":{"line":242,"column":22},"end":{"line":242,"column":66}},"99":{"start":{"line":242,"column":48},"end":{"line":242,"column":65}},"100":{"start":{"line":244,"column":4},"end":{"line":248,"column":6}},"101":{"start":{"line":250,"column":4},"end":{"line":252,"column":66}},"102":{"start":{"line":254,"column":4},"end":{"line":254,"column":74}},"103":{"start":{"line":258,"column":0},"end":{"line":266,"column":2}}},"fnMap":{"0":{"name":"(anonymous_0)","decl":{"start":{"line":10,"column":15},"end":{"line":10,"column":16}},"loc":{"start":{"line":10,"column":35},"end":{"line":56,"column":1}},"line":10},"1":{"name":"(anonymous_1)","decl":{"start":{"line":60,"column":18},"end":{"line":60,"column":19}},"loc":{"start":{"line":60,"column":25},"end":{"line":62,"column":1}},"line":60},"2":{"name":"(anonymous_2)","decl":{"start":{"line":63,"column":18},"end":{"line":63,"column":19}},"loc":{"start":{"line":63,"column":44},"end":{"line":128,"column":1}},"line":63},"3":{"name":"(anonymous_3)","decl":{"start":{"line":106,"column":35},"end":{"line":106,"column":36}},"loc":{"start":{"line":106,"column":42},"end":{"line":110,"column":7}},"line":106},"4":{"name":"(anonymous_4)","decl":{"start":{"line":131,"column":21},"end":{"line":131,"column":22}},"loc":{"start":{"line":131,"column":35},"end":{"line":154,"column":1}},"line":131},"5":{"name":"(anonymous_5)","decl":{"start":{"line":157,"column":23},"end":{"line":157,"column":24}},"loc":{"start":{"line":157,"column":43},"end":{"line":195,"column":1}},"line":157},"6":{"name":"(anonymous_6)","decl":{"start":{"line":198,"column":23},"end":{"line":198,"column":24}},"loc":{"start":{"line":198,"column":43},"end":{"line":232,"column":1}},"line":198},"7":{"name":"(anonymous_7)","decl":{"start":{"line":235,"column":15},"end":{"line":235,"column":16}},"loc":{"start":{"line":235,"column":35},"end":{"line":256,"column":1}},"line":235},"8":{"name":"(anonymous_8)","decl":{"start":{"line":242,"column":41},"end":{"line":242,"column":42}},"loc":{"start":{"line":242,"column":48},"end":{"line":242,"column":65}},"line":242}},"branchMap":{"0":{"loc":{"start":{"line":15,"column":4},"end":{"line":17,"column":5}},"type":"if","locations":[{"start":{"line":15,"column":4},"end":{"line":17,"column":5}},{"start":{},"end":{}}],"line":15},"1":{"loc":{"start":{"line":15,"column":9},"end":{"line":15,"column":96}},"type":"binary-expr","locations":[{"start":{"line":15,"column":9},"end":{"line":15,"column":15}},{"start":{"line":15,"column":19},"end":{"line":15,"column":28}},{"start":{"line":15,"column":32},"end":{"line":15,"column":37}},{"start":{"line":15,"column":41},"end":{"line":15,"column":48}},{"start":{"line":15,"column":52},"end":{"line":15,"column":57}},{"start":{"line":15,"column":62},"end":{"line":15,"column":96}}],"line":15},"2":{"loc":{"start":{"line":21,"column":4},"end":{"line":23,"column":5}},"type":"if","locations":[{"start":{"line":21,"column":4},"end":{"line":23,"column":5}},{"start":{},"end":{}}],"line":21},"3":{"loc":{"start":{"line":27,"column":4},"end":{"line":29,"column":5}},"type":"if","locations":[{"start":{"line":27,"column":4},"end":{"line":29,"column":5}},{"start":{},"end":{}}],"line":27},"4":{"loc":{"start":{"line":69,"column":4},"end":{"line":71,"column":5}},"type":"if","locations":[{"start":{"line":69,"column":4},"end":{"line":71,"column":5}},{"start":{},"end":{}}],"line":69},"5":{"loc":{"start":{"line":69,"column":8},"end":{"line":69,"column":77}},"type":"binary-expr","locations":[{"start":{"line":69,"column":8},"end":{"line":69,"column":41}},{"start":{"line":69,"column":45},"end":{"line":69,"column":77}}],"line":69},"6":{"loc":{"start":{"line":73,"column":4},"end":{"line":75,"column":5}},"type":"if","locations":[{"start":{"line":73,"column":4},"end":{"line":75,"column":5}},{"start":{},"end":{}}],"line":73},"7":{"loc":{"start":{"line":76,"column":4},"end":{"line":78,"column":5}},"type":"if","locations":[{"start":{"line":76,"column":4},"end":{"line":78,"column":5}},{"start":{},"end":{}}],"line":76},"8":{"loc":{"start":{"line":80,"column":4},"end":{"line":84,"column":5}},"type":"if","locations":[{"start":{"line":80,"column":4},"end":{"line":84,"column":5}},{"start":{},"end":{}}],"line":80},"9":{"loc":{"start":{"line":86,"column":4},"end":{"line":90,"column":5}},"type":"if","locations":[{"start":{"line":86,"column":4},"end":{"line":90,"column":5}},{"start":{},"end":{}}],"line":86},"10":{"loc":{"start":{"line":104,"column":20},"end":{"line":104,"column":37}},"type":"binary-expr","locations":[{"start":{"line":104,"column":20},"end":{"line":104,"column":31}},{"start":{"line":104,"column":35},"end":{"line":104,"column":37}}],"line":104},"11":{"loc":{"start":{"line":105,"column":4},"end":{"line":111,"column":5}},"type":"if","locations":[{"start":{"line":105,"column":4},"end":{"line":111,"column":5}},{"start":{},"end":{}}],"line":105},"12":{"loc":{"start":{"line":107,"column":8},"end":{"line":109,"column":9}},"type":"if","locations":[{"start":{"line":107,"column":8},"end":{"line":109,"column":9}},{"start":{},"end":{}}],"line":107},"13":{"loc":{"start":{"line":134,"column":4},"end":{"line":150,"column":5}},"type":"if","locations":[{"start":{"line":134,"column":4},"end":{"line":150,"column":5}},{"start":{"line":148,"column":11},"end":{"line":150,"column":5}}],"line":134},"14":{"loc":{"start":{"line":161,"column":4},"end":{"line":165,"column":5}},"type":"if","locations":[{"start":{"line":161,"column":4},"end":{"line":165,"column":5}},{"start":{},"end":{}}],"line":161},"15":{"loc":{"start":{"line":166,"column":4},"end":{"line":191,"column":5}},"type":"if","locations":[{"start":{"line":166,"column":4},"end":{"line":191,"column":5}},{"start":{"line":187,"column":11},"end":{"line":191,"column":5}}],"line":166},"16":{"loc":{"start":{"line":202,"column":4},"end":{"line":206,"column":5}},"type":"if","locations":[{"start":{"line":202,"column":4},"end":{"line":206,"column":5}},{"start":{},"end":{}}],"line":202},"17":{"loc":{"start":{"line":207,"column":4},"end":{"line":211,"column":5}},"type":"if","locations":[{"start":{"line":207,"column":4},"end":{"line":211,"column":5}},{"start":{},"end":{}}],"line":207},"18":{"loc":{"start":{"line":212,"column":4},"end":{"line":228,"column":5}},"type":"if","locations":[{"start":{"line":212,"column":4},"end":{"line":228,"column":5}},{"start":{"line":226,"column":11},"end":{"line":228,"column":5}}],"line":212}},"s":{"0":7,"1":7,"2":7,"3":7,"4":7,"5":7,"6":7,"7":2,"8":2,"9":2,"10":1,"11":1,"12":1,"13":0,"14":1,"15":1,"16":0,"17":1,"18":1,"19":1,"20":1,"21":1,"22":0,"23":7,"24":0,"25":7,"26":2,"27":2,"28":2,"29":2,"30":1,"31":1,"32":0,"33":1,"34":0,"35":1,"36":1,"37":1,"38":0,"39":0,"40":0,"41":0,"42":0,"43":0,"44":0,"45":0,"46":0,"47":0,"48":0,"49":0,"50":0,"51":0,"52":0,"53":0,"54":7,"55":0,"56":0,"57":0,"58":0,"59":0,"60":0,"61":0,"62":0,"63":0,"64":7,"65":1,"66":1,"67":1,"68":1,"69":1,"70":0,"71":0,"72":0,"73":0,"74":0,"75":0,"76":0,"77":7,"78":0,"79":0,"80":0,"81":0,"82":0,"83":0,"84":0,"85":0,"86":0,"87":0,"88":0,"89":0,"90":0,"91":0,"92":7,"93":3,"94":3,"95":3,"96":3,"97":3,"98":2,"99":2,"100":2,"101":2,"102":1,"103":7},"f":{"0":2,"1":0,"2":2,"3":0,"4":0,"5":1,"6":0,"7":3,"8":2},"b":{"0":[1,1],"1":[2,1,1,1,1,1],"2":[0,1],"3":[0,1],"4":[1,1],"5":[2,1],"6":[0,1],"7":[0,1],"8":[1,0],"9":[0,0],"10":[0,0],"11":[0,0],"12":[0,0],"13":[0,0],"14":[1,0],"15":[0,0],"16":[0,0],"17":[0,0],"18":[0,0]},"_coverageSchema":"1a1c01bbd47fc00a2c39e90264f33305004495a9","hash":"ce7d95bd896644f6af66da0815b79b71e468d44b"}
,"/home/ri-dev/Desktop/Ecommerce-Backned/src/controller/wishlistController.js": {"path":"/home/ri-dev/Desktop/Ecommerce-Backned/src/controller/wishlistController.js","statementMap":{"0":{"start":{"line":1,"column":18},"end":{"line":1,"column":47}},"1":{"start":{"line":2,"column":21},"end":{"line":2,"column":53}},"2":{"start":{"line":3,"column":22},"end":{"line":3,"column":55}},"3":{"start":{"line":5,"column":13},"end":{"line":5,"column":49}},"4":{"start":{"line":6,"column":17},"end":{"line":6,"column":57}},"5":{"start":{"line":7,"column":16},"end":{"line":7,"column":55}},"6":{"start":{"line":9,"column":22},"end":{"line":41,"column":1}},"7":{"start":{"line":10,"column":4},"end":{"line":39,"column":5}},"8":{"start":{"line":11,"column":21},"end":{"line":11,"column":36}},"9":{"start":{"line":12,"column":24},"end":{"line":12,"column":42}},"10":{"start":{"line":13,"column":22},"end":{"line":13,"column":60}},"11":{"start":{"line":14,"column":8},"end":{"line":16,"column":9}},"12":{"start":{"line":15,"column":12},"end":{"line":15,"column":91}},"13":{"start":{"line":17,"column":19},"end":{"line":17,"column":51}},"14":{"start":{"line":18,"column":8},"end":{"line":20,"column":9}},"15":{"start":{"line":19,"column":12},"end":{"line":19,"column":97}},"16":{"start":{"line":22,"column":27},"end":{"line":22,"column":66}},"17":{"start":{"line":23,"column":8},"end":{"line":36,"column":9}},"18":{"start":{"line":24,"column":27},"end":{"line":24,"column":88}},"19":{"start":{"line":25,"column":12},"end":{"line":25,"column":97}},"20":{"start":{"line":27,"column":27},"end":{"line":27,"column":48}},"21":{"start":{"line":28,"column":34},"end":{"line":28,"column":75}},"22":{"start":{"line":28,"column":60},"end":{"line":28,"column":74}},"23":{"start":{"line":29,"column":12},"end":{"line":31,"column":13}},"24":{"start":{"line":30,"column":16},"end":{"line":30,"column":116}},"25":{"start":{"line":32,"column":12},"end":{"line":32,"column":37}},"26":{"start":{"line":33,"column":27},"end":{"line":34,"column":51}},"27":{"start":{"line":35,"column":12},"end":{"line":35,"column":99}},"28":{"start":{"line":38,"column":8},"end":{"line":38,"column":78}},"29":{"start":{"line":44,"column":20},"end":{"line":54,"column":1}},"30":{"start":{"line":45,"column":2},"end":{"line":53,"column":3}},"31":{"start":{"line":46,"column":17},"end":{"line":46,"column":32}},"32":{"start":{"line":48,"column":23},"end":{"line":48,"column":83}},"33":{"start":{"line":50,"column":4},"end":{"line":50,"column":93}},"34":{"start":{"line":52,"column":4},"end":{"line":52,"column":84}},"35":{"start":{"line":56,"column":27},"end":{"line":76,"column":1}},"36":{"start":{"line":57,"column":2},"end":{"line":75,"column":3}},"37":{"start":{"line":58,"column":17},"end":{"line":58,"column":32}},"38":{"start":{"line":59,"column":20},"end":{"line":59,"column":38}},"39":{"start":{"line":60,"column":23},"end":{"line":60,"column":70}},"40":{"start":{"line":61,"column":23},"end":{"line":63,"column":5}},"41":{"start":{"line":62,"column":13},"end":{"line":62,"column":50}},"42":{"start":{"line":65,"column":19},"end":{"line":71,"column":27}},"43":{"start":{"line":72,"column":4},"end":{"line":72,"column":60}},"44":{"start":{"line":74,"column":4},"end":{"line":74,"column":75}},"45":{"start":{"line":79,"column":30},"end":{"line":138,"column":1}},"46":{"start":{"line":80,"column":2},"end":{"line":137,"column":3}},"47":{"start":{"line":81,"column":17},"end":{"line":81,"column":32}},"48":{"start":{"line":84,"column":25},"end":{"line":84,"column":33}},"49":{"start":{"line":85,"column":4},"end":{"line":87,"column":5}},"50":{"start":{"line":86,"column":6},"end":{"line":86,"column":94}},"51":{"start":{"line":89,"column":19},"end":{"line":89,"column":54}},"52":{"start":{"line":90,"column":4},"end":{"line":92,"column":5}},"53":{"start":{"line":91,"column":6},"end":{"line":91,"column":84}},"54":{"start":{"line":94,"column":19},"end":{"line":94,"column":57}},"55":{"start":{"line":95,"column":15},"end":{"line":95,"column":17}},"56":{"start":{"line":96,"column":4},"end":{"line":107,"column":5}},"57":{"start":{"line":97,"column":6},"end":{"line":97,"column":27}},"58":{"start":{"line":98,"column":6},"end":{"line":98,"column":22}},"59":{"start":{"line":99,"column":6},"end":{"line":99,"column":26}},"60":{"start":{"line":100,"column":6},"end":{"line":100,"column":26}},"61":{"start":{"line":102,"column":6},"end":{"line":106,"column":8}},"62":{"start":{"line":109,"column":4},"end":{"line":122,"column":5}},"63":{"start":{"line":110,"column":20},"end":{"line":110,"column":53}},"64":{"start":{"line":111,"column":6},"end":{"line":121,"column":7}},"65":{"start":{"line":112,"column":27},"end":{"line":112,"column":79}},"66":{"start":{"line":112,"column":51},"end":{"line":112,"column":78}},"67":{"start":{"line":114,"column":8},"end":{"line":118,"column":9}},"68":{"start":{"line":115,"column":10},"end":{"line":115,"column":37}},"69":{"start":{"line":117,"column":10},"end":{"line":117,"column":54}},"70":{"start":{"line":119,"column":8},"end":{"line":119,"column":29}},"71":{"start":{"line":120,"column":8},"end":{"line":120,"column":41}},"72":{"start":{"line":125,"column":17},"end":{"line":129,"column":33}},"73":{"start":{"line":132,"column":4},"end":{"line":132,"column":49}},"74":{"start":{"line":134,"column":4},"end":{"line":134,"column":110}},"75":{"start":{"line":136,"column":4},"end":{"line":136,"column":71}},"76":{"start":{"line":140,"column":0},"end":{"line":140,"column":90}}},"fnMap":{"0":{"name":"(anonymous_0)","decl":{"start":{"line":9,"column":22},"end":{"line":9,"column":23}},"loc":{"start":{"line":9,"column":48},"end":{"line":41,"column":1}},"line":9},"1":{"name":"(anonymous_1)","decl":{"start":{"line":28,"column":53},"end":{"line":28,"column":54}},"loc":{"start":{"line":28,"column":60},"end":{"line":28,"column":74}},"line":28},"2":{"name":"(anonymous_2)","decl":{"start":{"line":44,"column":20},"end":{"line":44,"column":21}},"loc":{"start":{"line":44,"column":46},"end":{"line":54,"column":1}},"line":44},"3":{"name":"(anonymous_3)","decl":{"start":{"line":56,"column":27},"end":{"line":56,"column":28}},"loc":{"start":{"line":56,"column":47},"end":{"line":76,"column":1}},"line":56},"4":{"name":"(anonymous_4)","decl":{"start":{"line":62,"column":6},"end":{"line":62,"column":7}},"loc":{"start":{"line":62,"column":13},"end":{"line":62,"column":50}},"line":62},"5":{"name":"(anonymous_5)","decl":{"start":{"line":79,"column":30},"end":{"line":79,"column":31}},"loc":{"start":{"line":79,"column":56},"end":{"line":138,"column":1}},"line":79},"6":{"name":"(anonymous_6)","decl":{"start":{"line":112,"column":43},"end":{"line":112,"column":44}},"loc":{"start":{"line":112,"column":51},"end":{"line":112,"column":78}},"line":112}},"branchMap":{"0":{"loc":{"start":{"line":14,"column":8},"end":{"line":16,"column":9}},"type":"if","locations":[{"start":{"line":14,"column":8},"end":{"line":16,"column":9}},{"start":{},"end":{}}],"line":14},"1":{"loc":{"start":{"line":18,"column":8},"end":{"line":20,"column":9}},"type":"if","locations":[{"start":{"line":18,"column":8},"end":{"line":20,"column":9}},{"start":{},"end":{}}],"line":18},"2":{"loc":{"start":{"line":23,"column":8},"end":{"line":36,"column":9}},"type":"if","locations":[{"start":{"line":23,"column":8},"end":{"line":36,"column":9}},{"start":{"line":26,"column":15},"end":{"line":36,"column":9}}],"line":23},"3":{"loc":{"start":{"line":29,"column":12},"end":{"line":31,"column":13}},"type":"if","locations":[{"start":{"line":29,"column":12},"end":{"line":31,"column":13}},{"start":{},"end":{}}],"line":29},"4":{"loc":{"start":{"line":85,"column":4},"end":{"line":87,"column":5}},"type":"if","locations":[{"start":{"line":85,"column":4},"end":{"line":87,"column":5}},{"start":{},"end":{}}],"line":85},"5":{"loc":{"start":{"line":90,"column":4},"end":{"line":92,"column":5}},"type":"if","locations":[{"start":{"line":90,"column":4},"end":{"line":92,"column":5}},{"start":{},"end":{}}],"line":90},"6":{"loc":{"start":{"line":96,"column":4},"end":{"line":107,"column":5}},"type":"if","locations":[{"start":{"line":96,"column":4},"end":{"line":107,"column":5}},{"start":{"line":101,"column":11},"end":{"line":107,"column":5}}],"line":96},"7":{"loc":{"start":{"line":111,"column":6},"end":{"line":121,"column":7}},"type":"if","locations":[{"start":{"line":111,"column":6},"end":{"line":121,"column":7}},{"start":{},"end":{}}],"line":111},"8":{"loc":{"start":{"line":114,"column":8},"end":{"line":118,"column":9}},"type":"if","locations":[{"start":{"line":114,"column":8},"end":{"line":118,"column":9}},{"start":{"line":116,"column":15},"end":{"line":118,"column":9}}],"line":114}},"s":{"0":4,"1":4,"2":4,"3":4,"4":4,"5":4,"6":4,"7":2,"8":2,"9":2,"10":2,"11":2,"12":0,"13":2,"14":2,"15":0,"16":2,"17":2,"18":1,"19":1,"20":1,"21":1,"22":1,"23":1,"24":1,"25":0,"26":0,"27":0,"28":0,"29":4,"30":1,"31":1,"32":1,"33":0,"34":1,"35":4,"36":1,"37":1,"38":1,"39":1,"40":0,"41":0,"42":0,"43":0,"44":1,"45":4,"46":1,"47":1,"48":1,"49":1,"50":1,"51":0,"52":0,"53":0,"54":0,"55":0,"56":0,"57":0,"58":0,"59":0,"60":0,"61":0,"62":0,"63":0,"64":0,"65":0,"66":0,"67":0,"68":0,"69":0,"70":0,"71":0,"72":0,"73":0,"74":0,"75":0,"76":4},"f":{"0":2,"1":1,"2":1,"3":1,"4":0,"5":1,"6":0},"b":{"0":[0,2],"1":[0,2],"2":[1,1],"3":[1,0],"4":[1,0],"5":[0,0],"6":[0,0],"7":[0,0],"8":[0,0]},"_coverageSchema":"1a1c01bbd47fc00a2c39e90264f33305004495a9","hash":"520acb745ccbdd6aba81174a054906f07d26d1bc"}
,"/home/ri-dev/Desktop/Ecommerce-Backned/src/middleware/auth.js": {"path":"/home/ri-dev/Desktop/Ecommerce-Backned/src/middleware/auth.js","statementMap":{"0":{"start":{"line":1,"column":12},"end":{"line":1,"column":35}},"1":{"start":{"line":3,"column":23},"end":{"line":17,"column":1}},"2":{"start":{"line":4,"column":4},"end":{"line":16,"column":5}},"3":{"start":{"line":5,"column":21},"end":{"line":5,"column":45}},"4":{"start":{"line":6,"column":8},"end":{"line":8,"column":9}},"5":{"start":{"line":7,"column":12},"end":{"line":7,"column":112}},"6":{"start":{"line":9,"column":27},"end":{"line":9,"column":67}},"7":{"start":{"line":10,"column":8},"end":{"line":10,"column":26}},"8":{"start":{"line":11,"column":8},"end":{"line":11,"column":32}},"9":{"start":{"line":12,"column":8},"end":{"line":12,"column":14}},"10":{"start":{"line":15,"column":8},"end":{"line":15,"column":58}},"11":{"start":{"line":19,"column":0},"end":{"line":19,"column":33}}},"fnMap":{"0":{"name":"(anonymous_0)","decl":{"start":{"line":3,"column":23},"end":{"line":3,"column":24}},"loc":{"start":{"line":3,"column":44},"end":{"line":17,"column":1}},"line":3}},"branchMap":{"0":{"loc":{"start":{"line":6,"column":8},"end":{"line":8,"column":9}},"type":"if","locations":[{"start":{"line":6,"column":8},"end":{"line":8,"column":9}},{"start":{},"end":{}}],"line":6}},"s":{"0":1,"1":1,"2":3,"3":3,"4":3,"5":1,"6":2,"7":1,"8":1,"9":1,"10":1,"11":1},"f":{"0":3},"b":{"0":[1,2]},"_coverageSchema":"1a1c01bbd47fc00a2c39e90264f33305004495a9","hash":"4b6dc031b1c1db5c3165fc964ce5539d56ccf899"}
,"/home/ri-dev/Desktop/Ecommerce-Backned/src/model/cartModel.js": {"path":"/home/ri-dev/Desktop/Ecommerce-Backned/src/model/cartModel.js","statementMap":{"0":{"start":{"line":1,"column":17},"end":{"line":1,"column":36}},"1":{"start":{"line":2,"column":17},"end":{"line":2,"column":40}},"2":{"start":{"line":3,"column":19},"end":{"line":19,"column":1}},"3":{"start":{"line":21,"column":0},"end":{"line":21,"column":52}}},"fnMap":{},"branchMap":{},"s":{"0":12,"1":12,"2":12,"3":12},"f":{},"b":{},"_coverageSchema":"1a1c01bbd47fc00a2c39e90264f33305004495a9","hash":"b4738760ae45251b347fe315be050cb723d53513"}
,"/home/ri-dev/Desktop/Ecommerce-Backned/src/model/orderModel.js": {"path":"/home/ri-dev/Desktop/Ecommerce-Backned/src/model/orderModel.js","statementMap":{"0":{"start":{"line":2,"column":17},"end":{"line":2,"column":36}},"1":{"start":{"line":3,"column":17},"end":{"line":3,"column":47}},"2":{"start":{"line":5,"column":20},"end":{"line":97,"column":1}},"3":{"start":{"line":99,"column":0},"end":{"line":99,"column":54}}},"fnMap":{},"branchMap":{},"s":{"0":7,"1":7,"2":7,"3":7},"f":{},"b":{},"_coverageSchema":"1a1c01bbd47fc00a2c39e90264f33305004495a9","hash":"b20338b18fa7b4d73ea3cde90eb4e7ce5c4a0967"}
,"/home/ri-dev/Desktop/Ecommerce-Backned/src/model/productModel.js": {"path":"/home/ri-dev/Desktop/Ecommerce-Backned/src/model/productModel.js","statementMap":{"0":{"start":{"line":1,"column":17},"end":{"line":1,"column":36}},"1":{"start":{"line":3,"column":22},"end":{"line":34,"column":2}},"2":{"start":{"line":36,"column":0},"end":{"line":36,"column":58}}},"fnMap":{},"branchMap":{},"s":{"0":14,"1":14,"2":14},"f":{},"b":{},"_coverageSchema":"1a1c01bbd47fc00a2c39e90264f33305004495a9","hash":"71b629e48247010ff6f495e7a569ba5c1ff4f2eb"}
,"/home/ri-dev/Desktop/Ecommerce-Backned/src/model/userModel.js": {"path":"/home/ri-dev/Desktop/Ecommerce-Backned/src/model/userModel.js","statementMap":{"0":{"start":{"line":1,"column":17},"end":{"line":1,"column":36}},"1":{"start":{"line":3,"column":19},"end":{"line":36,"column":2}},"2":{"start":{"line":38,"column":0},"end":{"line":38,"column":52}}},"fnMap":{},"branchMap":{},"s":{"0":17,"1":17,"2":17},"f":{},"b":{},"_coverageSchema":"1a1c01bbd47fc00a2c39e90264f33305004495a9","hash":"e51960283e32bb975dfe1802e262ca83ff773b72"}
,"/home/ri-dev/Desktop/Ecommerce-Backned/src/model/wishlistModel.js": {"path":"/home/ri-dev/Desktop/Ecommerce-Backned/src/model/wishlistModel.js","statementMap":{"0":{"start":{"line":1,"column":17},"end":{"line":1,"column":36}},"1":{"start":{"line":2,"column":17},"end":{"line":2,"column":47}},"2":{"start":{"line":4,"column":23},"end":{"line":21,"column":1}},"3":{"start":{"line":23,"column":0},"end":{"line":23,"column":60}}},"fnMap":{},"branchMap":{},"s":{"0":1,"1":1,"2":1,"3":1},"f":{},"b":{},"_coverageSchema":"1a1c01bbd47fc00a2c39e90264f33305004495a9","hash":"d6bc8759cd71e71e0d2f90ce9fc4f886129d9762"}
,"/home/ri-dev/Desktop/Ecommerce-Backned/src/validators/schemaValidation.js": {"path":"/home/ri-dev/Desktop/Ecommerce-Backned/src/validators/schemaValidation.js","statementMap":{"0":{"start":{"line":1,"column":12},"end":{"line":1,"column":26}},"1":{"start":{"line":3,"column":19},"end":{"line":9,"column":2}},"2":{"start":{"line":11,"column":22},"end":{"line":20,"column":4}},"3":{"start":{"line":21,"column":22},"end":{"line":30,"column":4}},"4":{"start":{"line":33,"column":0},"end":{"line":33,"column":55}}},"fnMap":{},"branchMap":{},"s":{"0":12,"1":12,"2":12,"3":12,"4":12},"f":{},"b":{},"_coverageSchema":"1a1c01bbd47fc00a2c39e90264f33305004495a9","hash":"03d3d85066c3a8b8284946700dfa8732b95f05ae"}
,"/home/ri-dev/Desktop/Ecommerce-Backned/src/validators/sendMail.js": {"path":"/home/ri-dev/Desktop/Ecommerce-Backned/src/validators/sendMail.js","statementMap":{"0":{"start":{"line":2,"column":19},"end":{"line":2,"column":40}},"1":{"start":{"line":5,"column":30},"end":{"line":40,"column":5}},"2":{"start":{"line":6,"column":4},"end":{"line":39,"column":5}},"3":{"start":{"line":7,"column":26},"end":{"line":16,"column":8}},"4":{"start":{"line":17,"column":26},"end":{"line":26,"column":7}},"5":{"start":{"line":27,"column":6},"end":{"line":35,"column":8}},"6":{"start":{"line":28,"column":8},"end":{"line":34,"column":9}},"7":{"start":{"line":29,"column":10},"end":{"line":29,"column":28}},"8":{"start":{"line":32,"column":10},"end":{"line":32,"column":35}},"9":{"start":{"line":33,"column":10},"end":{"line":33,"column":61}},"10":{"start":{"line":38,"column":5},"end":{"line":38,"column":17}},"11":{"start":{"line":43,"column":0},"end":{"line":43,"column":42}}},"fnMap":{"0":{"name":"(anonymous_0)","decl":{"start":{"line":5,"column":30},"end":{"line":5,"column":31}},"loc":{"start":{"line":5,"column":50},"end":{"line":40,"column":5}},"line":5},"1":{"name":"(anonymous_1)","decl":{"start":{"line":27,"column":39},"end":{"line":27,"column":40}},"loc":{"start":{"line":27,"column":59},"end":{"line":35,"column":7}},"line":27}},"branchMap":{"0":{"loc":{"start":{"line":28,"column":8},"end":{"line":34,"column":9}},"type":"if","locations":[{"start":{"line":28,"column":8},"end":{"line":34,"column":9}},{"start":{"line":31,"column":13},"end":{"line":34,"column":9}}],"line":28}},"s":{"0":8,"1":8,"2":1,"3":1,"4":1,"5":1,"6":0,"7":0,"8":0,"9":0,"10":1,"11":8},"f":{"0":1,"1":0},"b":{"0":[0,0]},"_coverageSchema":"1a1c01bbd47fc00a2c39e90264f33305004495a9","hash":"ce55a2736b92da052d9d545b352d4b59e8adaaed"}
,"/home/ri-dev/Desktop/Ecommerce-Backned/src/validators/sendOrderSummaryMail.js": {"path":"/home/ri-dev/Desktop/Ecommerce-Backned/src/validators/sendOrderSummaryMail.js","statementMap":{"0":{"start":{"line":2,"column":19},"end":{"line":2,"column":40}},"1":{"start":{"line":4,"column":20},"end":{"line":103,"column":1}},"2":{"start":{"line":6,"column":2},"end":{"line":102,"column":3}},"3":{"start":{"line":7,"column":24},"end":{"line":15,"column":6}},"4":{"start":{"line":17,"column":18},"end":{"line":94,"column":6}},"5":{"start":{"line":67,"column":14},"end":{"line":73,"column":18}},"6":{"start":{"line":95,"column":4},"end":{"line":98,"column":5}},"7":{"start":{"line":97,"column":6},"end":{"line":97,"column":21}},"8":{"start":{"line":100,"column":4},"end":{"line":100,"column":30}},"9":{"start":{"line":101,"column":4},"end":{"line":101,"column":17}},"10":{"start":{"line":107,"column":0},"end":{"line":107,"column":29}}},"fnMap":{"0":{"name":"(anonymous_0)","decl":{"start":{"line":4,"column":20},"end":{"line":4,"column":21}},"loc":{"start":{"line":4,"column":44},"end":{"line":103,"column":1}},"line":4},"1":{"name":"(anonymous_1)","decl":{"start":{"line":66,"column":17},"end":{"line":66,"column":18}},"loc":{"start":{"line":66,"column":34},"end":{"line":74,"column":13}},"line":66}},"branchMap":{"0":{"loc":{"start":{"line":95,"column":4},"end":{"line":98,"column":5}},"type":"if","locations":[{"start":{"line":95,"column":4},"end":{"line":98,"column":5}},{"start":{},"end":{}}],"line":95}},"s":{"0":1,"1":1,"2":0,"3":0,"4":0,"5":0,"6":0,"7":0,"8":0,"9":0,"10":1},"f":{"0":0,"1":0},"b":{"0":[0,0]},"_coverageSchema":"1a1c01bbd47fc00a2c39e90264f33305004495a9","hash":"119fc0d5882853d3f130d078df19e72bce0a262c"}
,"/home/ri-dev/Desktop/Ecommerce-Backned/src/validators/validator.js": {"path":"/home/ri-dev/Desktop/Ecommerce-Backned/src/validators/validator.js","statementMap":{"0":{"start":{"line":1,"column":17},"end":{"line":1,"column":36}},"1":{"start":{"line":2,"column":17},"end":{"line":2,"column":47}},"2":{"start":{"line":5,"column":24},"end":{"line":7,"column":1}},"3":{"start":{"line":6,"column":2},"end":{"line":6,"column":47}},"4":{"start":{"line":9,"column":20},"end":{"line":11,"column":3}},"5":{"start":{"line":10,"column":4},"end":{"line":10,"column":44}},"6":{"start":{"line":13,"column":20},"end":{"line":15,"column":3}},"7":{"start":{"line":14,"column":4},"end":{"line":14,"column":47}},"8":{"start":{"line":16,"column":18},"end":{"line":22,"column":3}},"9":{"start":{"line":17,"column":4},"end":{"line":17,"column":77}},"10":{"start":{"line":17,"column":65},"end":{"line":17,"column":77}},"11":{"start":{"line":18,"column":4},"end":{"line":18,"column":75}},"12":{"start":{"line":18,"column":63},"end":{"line":18,"column":75}},"13":{"start":{"line":19,"column":4},"end":{"line":19,"column":81}},"14":{"start":{"line":19,"column":69},"end":{"line":19,"column":81}},"15":{"start":{"line":21,"column":4},"end":{"line":21,"column":17}},"16":{"start":{"line":25,"column":2},"end":{"line":25,"column":65}}},"fnMap":{"0":{"name":"(anonymous_0)","decl":{"start":{"line":5,"column":24},"end":{"line":5,"column":25}},"loc":{"start":{"line":5,"column":35},"end":{"line":7,"column":1}},"line":5},"1":{"name":"(anonymous_1)","decl":{"start":{"line":9,"column":20},"end":{"line":9,"column":21}},"loc":{"start":{"line":9,"column":33},"end":{"line":11,"column":3}},"line":9},"2":{"name":"(anonymous_2)","decl":{"start":{"line":13,"column":20},"end":{"line":13,"column":21}},"loc":{"start":{"line":13,"column":34},"end":{"line":15,"column":3}},"line":13},"3":{"name":"(anonymous_3)","decl":{"start":{"line":16,"column":18},"end":{"line":16,"column":19}},"loc":{"start":{"line":16,"column":29},"end":{"line":22,"column":3}},"line":16}},"branchMap":{"0":{"loc":{"start":{"line":17,"column":4},"end":{"line":17,"column":77}},"type":"if","locations":[{"start":{"line":17,"column":4},"end":{"line":17,"column":77}},{"start":{},"end":{}}],"line":17},"1":{"loc":{"start":{"line":17,"column":8},"end":{"line":17,"column":63}},"type":"binary-expr","locations":[{"start":{"line":17,"column":8},"end":{"line":17,"column":36}},{"start":{"line":17,"column":40},"end":{"line":17,"column":63}}],"line":17},"2":{"loc":{"start":{"line":18,"column":4},"end":{"line":18,"column":75}},"type":"if","locations":[{"start":{"line":18,"column":4},"end":{"line":18,"column":75}},{"start":{},"end":{}}],"line":18},"3":{"loc":{"start":{"line":18,"column":8},"end":{"line":18,"column":61}},"type":"binary-expr","locations":[{"start":{"line":18,"column":8},"end":{"line":18,"column":33}},{"start":{"line":18,"column":37},"end":{"line":18,"column":61}}],"line":18},"4":{"loc":{"start":{"line":19,"column":4},"end":{"line":19,"column":81}},"type":"if","locations":[{"start":{"line":19,"column":4},"end":{"line":19,"column":81}},{"start":{},"end":{}}],"line":19},"5":{"loc":{"start":{"line":19,"column":8},"end":{"line":19,"column":67}},"type":"binary-expr","locations":[{"start":{"line":19,"column":8},"end":{"line":19,"column":33}},{"start":{"line":19,"column":37},"end":{"line":19,"column":67}}],"line":19}},"s":{"0":3,"1":3,"2":3,"3":0,"4":3,"5":0,"6":3,"7":0,"8":3,"9":0,"10":0,"11":0,"12":0,"13":0,"14":0,"15":0,"16":3},"f":{"0":0,"1":0,"2":0,"3":0},"b":{"0":[0,0],"1":[0,0],"2":[0,0],"3":[0,0],"4":[0,0],"5":[0,0]},"_coverageSchema":"1a1c01bbd47fc00a2c39e90264f33305004495a9","hash":"a1d06968a77da578dd86755bf8238717ee677784"}
}
