TN:
SF:src/controller/productController.js
FN:4,(anonymous_0)
FN:25,(anonymous_1)
FN:34,(anonymous_2)
FN:43,(anonymous_3)
FN:54,(anonymous_4)
FN:65,(anonymous_5)
FNF:6
FNH:1
FNDA:4,(anonymous_0)
FNDA:0,(anonymous_1)
FNDA:0,(anonymous_2)
FNDA:0,(anonymous_3)
FNDA:0,(anonymous_4)
FNDA:0,(anonymous_5)
DA:1,2
DA:2,2
DA:4,2
DA:5,4
DA:6,4
DA:8,4
DA:9,2
DA:11,2
DA:13,2
DA:14,0
DA:16,2
DA:17,1
DA:20,1
DA:25,2
DA:26,0
DA:27,0
DA:28,0
DA:30,0
DA:34,2
DA:35,0
DA:36,0
DA:37,0
DA:39,0
DA:43,2
DA:44,0
DA:45,0
DA:46,0
DA:47,0
DA:49,0
DA:54,2
DA:55,0
DA:56,0
DA:57,0
DA:58,0
DA:60,0
DA:65,2
DA:66,0
DA:67,0
DA:69,0
DA:76,0
DA:78,0
DA:82,2
LF:42
LH:18
BRDA:8,0,0,2
BRDA:8,0,1,2
BRDA:8,1,0,4
BRDA:8,1,1,3
BRDA:13,2,0,0
BRDA:13,2,1,2
BRF:6
BRH:5
end_of_record
TN:
SF:src/middleware/auth.js
FN:3,(anonymous_0)
FNF:1
FNH:1
FNDA:3,(anonymous_0)
DA:1,1
DA:3,1
DA:4,3
DA:5,3
DA:6,3
DA:7,1
DA:9,2
DA:10,1
DA:11,1
DA:12,1
DA:15,1
DA:19,1
LF:12
LH:12
BRDA:6,0,0,1
BRDA:6,0,1,2
BRF:2
BRH:2
end_of_record
TN:
SF:src/model/productModel.js
FNF:0
FNH:0
DA:1,2
DA:3,2
DA:36,2
LF:3
LH:3
BRF:0
BRH:0
end_of_record
TN:
SF:src/model/userModel.js
FNF:0
FNH:0
DA:1,1
DA:3,1
DA:38,1
LF:3
LH:3
BRF:0
BRH:0
end_of_record
TN:
SF:src/validators/schemaValidation.js
FNF:0
FNH:0
DA:1,2
DA:3,2
DA:11,2
DA:21,2
DA:33,2
LF:5
LH:5
BRF:0
BRH:0
end_of_record
